[2024/08/24 02:31:36.793744] [10] test[0m
[2024/08/24 02:31:37.967842] [36m[20] test[0m
[2024/08/24 02:31:39.744688] [33m[30] test[0m
[2024/08/24 02:32:54.144285] [DEBUG] test[0m
[2024/08/24 02:32:54.145325] [36m[INFO] test[0m
[2024/08/24 02:32:54.145617] [33m[WARN] test[0m
[2024/08/24 02:32:54.145886] [31m[ERROR] test[0m
[2024/08/24 02:32:54.146165] [31m[CRITICAL] test[0m
[2024/08/24 02:32:54.146398] [31m[DEBUG] test[0m
[2024/08/24 02:32:54.146620] [33m[CRITICAL] test[0m
[2024/08/24 02:35:26.511740] [DEBUG] test[0m
[2024/08/24 02:35:26.511963] [36m[INFO] test[0m
[2024/08/24 02:35:26.512140] [33m[WARN] test[0m
[2024/08/24 02:35:26.512310] [31m[ERROR] test[0m
[2024/08/24 02:35:41.983283] [DEBUG] test[0m
[2024/08/24 02:35:41.983546] [36m[INFO] test[0m
[2024/08/24 02:35:41.983738] [33m[WARN] test[0m
[2024/08/24 02:35:41.983916] [31m[ERROR] test[0m
[2024/08/24 02:35:41.984094] [41m[97m[CRITICAL] test[0m
[2024/08/24 02:35:41.984242] [31m[DEBUG] test[0m
[2024/08/24 02:35:41.984384] [41m[33m[CRITICAL] test[0m
[2024/08/24 02:36:15.475052] [DEBUG] test[0m
[2024/08/24 02:36:15.475297] [36m[INFO] test[0m
[2024/08/24 02:36:15.475491] [33m[WARN] test[0m
[2024/08/24 02:36:15.475680] [31m[ERROR] test[0m
[2024/08/24 02:36:15.475871] [41m[CRITICAL] test[0m
[2024/08/24 02:36:15.476021] [31m[DEBUG] test[0m
[2024/08/24 02:36:15.476170] [41m[33m[CRITICAL] test[0m
[2024/08/24 02:41:53.065407] [DEBUG] test[0m
[2024/08/24 02:41:53.065654] [36m[INFO] test[0m
[2024/08/24 02:41:53.065839] [33m[WARN] test[0m
[2024/08/24 02:41:53.066018] [31m[ERROR] test[0m
[2024/08/24 02:41:53.066203] [41m[CRITICAL] test[0m
[2024/08/24 02:41:53.066351] [31m[DEBUG] test[0m
[2024/08/24 02:41:53.066491] [41m[33m[CRITICAL] test[0m
[2024/08/24 02:42:08.988682] [DEBUG] test[0m
[2024/08/24 02:42:10.112942] [36m[INFO] test[0m
[2024/08/24 02:42:11.074509] [33m[WARN] test[0m
[2024/08/24 02:42:12.527102] [31m[ERROR] test[0m
[2024/08/24 02:42:17.960747] [41m[CRITICAL] test[0m
[2024/08/24 02:42:27.331670] [DEBUG] test[0m
[2024/08/24 02:42:27.331991] [36m[INFO] test[0m
[2024/08/24 02:42:27.332239] [33m[WARN] test[0m
[2024/08/24 02:42:27.332500] [31m[ERROR] test[0m
[2024/08/24 02:42:27.332732] [41m[CRITICAL] test[0m
[2024/08/24 02:42:28.334674] [DEBUG] test[0m
[2024/08/24 02:42:28.335042] [36m[INFO] test[0m
[2024/08/24 02:42:28.335293] [33m[WARN] test[0m
[2024/08/24 02:42:28.335531] [31m[ERROR] test[0m
[2024/08/24 02:42:28.335765] [41m[CRITICAL] test[0m
[2024/08/24 02:42:46.697482] [DEBUG] test[0m
[2024/08/24 02:44:56.116532] [DEBUG] test[0m
[2024/08/24 02:44:56.116758] [36m[INFO] test[0m
[2024/08/24 02:44:56.116941] [33m[WARN] test[0m
[2024/08/24 02:44:56.117119] [31m[ERROR] test[0m
[2024/08/24 02:44:56.117296] [41m[CRITICAL] test[0m
[2024/08/24 02:44:56.117444] [31m[DEBUG] test[0m
[2024/08/24 02:44:56.117586] [41m[33m[CRITICAL] test[0m
[2024/08/24 02:44:57.554643] [DEBUG] test[0m
[2024/08/24 02:44:58.609303] [36m[INFO] test[0m
[2024/08/24 02:44:59.278878] [33m[WARN] test[0m
[2024/08/24 02:44:59.967892] [31m[ERROR] test[0m
[2024/08/24 02:45:02.164411] [41m[CRITICAL] test[0m
[2024/08/24 02:47:17.635142] [DEBUG] test[0m
[2024/08/24 02:47:17.635394] [36m[INFO] test[0m
[2024/08/24 02:47:17.635576] [33m[WARN] test[0m
[2024/08/24 02:47:17.635751] [31m[ERROR] test[0m
[2024/08/24 02:47:17.635931] [41m[CRITICAL] test[0m
[2024/08/24 02:47:17.636077] [31m[DEBUG] test[0m
[2024/08/24 02:47:17.636219] [41m[33m[CRITICAL] test[0m
[2024/08/24 02:47:19.050353] [DEBUG] test[0m
[2024/08/24 02:47:19.050844] [36m[INFO] test[0m
[2024/08/24 02:47:19.051100] [33m[WARN] test[0m
[2024/08/24 02:47:19.051329] [31m[ERROR] test[0m
[2024/08/24 02:47:19.051562] [41m[CRITICAL] test[0m
[2024/08/24 02:47:20.053854] [DEBUG] test[0m
[2024/08/24 02:47:20.054167] [36m[INFO] test[0m
[2024/08/24 02:47:20.054410] [33m[WARN] test[0m
[2024/08/24 02:47:20.054637] [31m[ERROR] test[0m
[2024/08/24 02:47:20.054856] [41m[CRITICAL] test[0m
[2024/08/24 02:55:13.902238] [DEBUG] test[0m
[2024/08/24 02:55:13.902707] [36m[INFO] test[0m
[2024/08/24 02:55:13.903083] [33m[WARN] test[0m
[2024/08/24 02:55:13.903441] [31m[ERROR] test[0m
[2024/08/24 02:55:13.903806] [41m[CRITICAL] test[0m
[2024/08/24 02:55:13.904098] [31m[DEBUG] test[0m
[2024/08/24 02:55:13.904382] [41m[33m[CRITICAL] test[0m
[2024/08/24 02:55:13.906227] [DEBUG] test[0m
[2024/08/24 02:55:23.014133] [36m[INFO] test[0m
[2024/08/24 02:55:24.703030] [33m[WARN] test[0m
[2024/08/24 02:56:05.535946] [DEBUG] test[0m
[2024/08/24 02:56:05.536185] [36m[INFO] test[0m
[2024/08/24 02:56:05.536371] [33m[WARN] test[0m
[2024/08/24 02:56:05.536547] [31m[ERROR] test[0m
[2024/08/24 02:56:05.536731] [41m[CRITICAL] test[0m
[2024/08/24 02:56:05.536884] [31m[DEBUG] test[0m
[2024/08/24 02:56:05.537025] [41m[33m[CRITICAL] test[0m
[2024/08/24 02:56:05.537953] [DEBUG] test[0m
[2024/08/24 02:56:09.384465] [36m[INFO] test[0m
[2024/08/24 02:57:10.464299] [33m[WARN] test[0m
[2024/08/24 02:57:11.465561] [31m[ERROR] test[0m
[2024/08/24 02:57:13.237768] [41m[CRITICAL] test[0m
[DEBUG] test[0m
[36m[INFO] test[0m
[33m[WARN] test[0m
[31m[ERROR] test[0m
[41m[CRITICAL] test[0m
[2024/08/24 02:57:14.240036] [DEBUG] test[0m
[2024/08/24 02:57:14.240316] [36m[INFO] test[0m
[2024/08/24 02:57:14.240554] [33m[WARN] test[0m
[2024/08/24 02:57:14.240777] [31m[ERROR] test[0m
[2024/08/24 02:57:14.240944] [41m[CRITICAL] test[0m
[DEBUG] test[0m
[36m[INFO] test[0m
[33m[WARN] test[0m
[31m[ERROR] test[0m
[41m[CRITICAL] test[0m
[2024/08/24 02:57:15.242594] [DEBUG] test[0m
[2024/08/24 02:57:15.242852] [36m[INFO] test[0m
[2024/08/24 02:57:15.243064] [33m[WARN] test[0m
[2024/08/24 02:57:15.243273] [31m[ERROR] test[0m
[2024/08/24 02:57:15.243476] [41m[CRITICAL] test[0m
[DEBUG] test[0m
[36m[INFO] test[0m
[33m[WARN] test[0m
[31m[ERROR] test[0m
[41m[CRITICAL] test[0m
[2024/08/24 02:57:16.245296] [DEBUG] test[0m
[2024/08/24 02:57:16.245727] [36m[INFO] test[0m
[2024/08/24 02:57:16.246079] [33m[WARN] test[0m
[2024/08/24 02:57:16.246444] [31m[ERROR] test[0m
[2024/08/24 02:57:16.246784] [41m[CRITICAL] test[0m
[DEBUG] test[0m
[36m[INFO] test[0m
[33m[WARN] test[0m
[31m[ERROR] test[0m
[41m[CRITICAL] test[0m
[2024/08/24 02:57:17.248772] [DEBUG] test[0m
[2024/08/24 02:57:17.249097] [36m[INFO] test[0m
[2024/08/24 02:57:17.249325] [33m[WARN] test[0m
[2024/08/24 02:57:17.249540] [31m[ERROR] test[0m
[2024/08/24 02:57:17.249751] [41m[CRITICAL] test[0m
[DEBUG] test[0m
[36m[INFO] test[0m
[33m[WARN] test[0m
[31m[ERROR] test[0m
[41m[CRITICAL] test[0m
[2024/08/24 02:57:18.251640] [DEBUG] test[0m
[2024/08/24 02:57:18.252144] [36m[INFO] test[0m
[2024/08/24 02:57:18.252514] [33m[WARN] test[0m
[2024/08/24 02:57:18.252872] [31m[ERROR] test[0m
[2024/08/24 02:57:18.253229] [41m[CRITICAL] test[0m
[DEBUG] test[0m
[36m[INFO] test[0m
[33m[WARN] test[0m
[31m[ERROR] test[0m
[41m[CRITICAL] test[0m
[2024/08/24 02:57:19.255222] [DEBUG] test[0m
[2024/08/24 02:57:19.255532] [36m[INFO] test[0m
[2024/08/24 02:57:19.255780] [33m[WARN] test[0m
[2024/08/24 02:57:19.255991] [31m[ERROR] test[0m
[2024/08/24 02:57:19.256199] [41m[CRITICAL] test[0m
[DEBUG] test[0m
[36m[INFO] test[0m
[33m[WARN] test[0m
[31m[ERROR] test[0m
[41m[CRITICAL] test[0m
[2024/08/24 02:57:20.257924] [DEBUG] test[0m
[2024/08/24 02:57:20.258180] [36m[INFO] test[0m
[2024/08/24 02:57:20.258392] [33m[WARN] test[0m
[2024/08/24 02:57:20.258566] [31m[ERROR] test[0m
[2024/08/24 02:57:20.258735] [41m[CRITICAL] test[0m
[DEBUG] test[0m
[36m[INFO] test[0m
[33m[WARN] test[0m
[31m[ERROR] test[0m
[41m[CRITICAL] test[0m
[2024/08/24 02:57:21.260398] [DEBUG] test[0m
[2024/08/24 02:57:21.260709] [36m[INFO] test[0m
[2024/08/24 02:57:21.260948] [33m[WARN] test[0m
[2024/08/24 02:57:21.261166] [31m[ERROR] test[0m
[2024/08/24 02:57:21.261375] [41m[CRITICAL] test[0m
[DEBUG] test[0m
[36m[INFO] test[0m
[33m[WARN] test[0m
[31m[ERROR] test[0m
[41m[CRITICAL] test[0m
[2024/08/24 02:57:22.263117] [DEBUG] test[0m
[2024/08/24 02:57:22.263409] [36m[INFO] test[0m
[2024/08/24 02:57:22.263670] [33m[WARN] test[0m
[2024/08/24 02:57:22.263905] [31m[ERROR] test[0m
[2024/08/24 02:57:22.264125] [41m[CRITICAL] test[0m
[DEBUG] test[0m
[36m[INFO] test[0m
[33m[WARN] test[0m
[31m[ERROR] test[0m
[41m[CRITICAL] test[0m
[2024/08/24 02:57:23.265897] [DEBUG] test[0m
[2024/08/24 02:57:23.266281] [36m[INFO] test[0m
[2024/08/24 02:57:23.266582] [33m[WARN] test[0m
[2024/08/24 02:57:23.266819] [31m[ERROR] test[0m
[2024/08/24 02:57:23.267033] [41m[CRITICAL] test[0m
[DEBUG] test[0m
[36m[INFO] test[0m
[33m[WARN] test[0m
[31m[ERROR] test[0m
[41m[CRITICAL] test[0m
[2024/08/24 02:57:24.268786] [DEBUG] test[0m
[2024/08/24 02:57:24.269052] [36m[INFO] test[0m
[2024/08/24 02:57:24.269265] [33m[WARN] test[0m
[2024/08/24 02:57:24.269473] [31m[ERROR] test[0m
[2024/08/24 02:57:24.269701] [41m[CRITICAL] test[0m
[DEBUG] test[0m
[36m[INFO] test[0m
[33m[WARN] test[0m
[31m[ERROR] test[0m
[41m[CRITICAL] test[0m
[2024/08/24 02:57:25.271377] [DEBUG] test[0m
[2024/08/24 02:57:25.271718] [36m[INFO] test[0m
[2024/08/24 02:57:25.271993] [33m[WARN] test[0m
[2024/08/24 02:57:25.272252] [31m[ERROR] test[0m
[2024/08/24 02:57:25.272502] [41m[CRITICAL] test[0m
[DEBUG] test[0m
[36m[INFO] test[0m
[33m[WARN] test[0m
[31m[ERROR] test[0m
[41m[CRITICAL] test[0m
[2024/08/24 02:57:26.274255] [DEBUG] test[0m
[2024/08/24 02:57:26.274584] [36m[INFO] test[0m
[2024/08/24 02:57:26.274871] [33m[WARN] test[0m
[2024/08/24 02:57:26.275147] [31m[ERROR] test[0m
[2024/08/24 02:57:26.275411] [41m[CRITICAL] test[0m
[DEBUG] test[0m
[36m[INFO] test[0m
[33m[WARN] test[0m
[31m[ERROR] test[0m
[41m[CRITICAL] test[0m
[2024/08/24 02:57:27.277390] [DEBUG] test[0m
[2024/08/24 02:57:27.277816] [36m[INFO] test[0m
[2024/08/24 02:57:27.278199] [33m[WARN] test[0m
[2024/08/24 02:57:27.278553] [31m[ERROR] test[0m
[2024/08/24 02:57:27.278894] [41m[CRITICAL] test[0m
[DEBUG] test[0m
[36m[INFO] test[0m
[33m[WARN] test[0m
[31m[ERROR] test[0m
[41m[CRITICAL] test[0m
[2024/08/24 02:57:28.280872] [DEBUG] test[0m
[2024/08/24 02:57:28.281133] [36m[INFO] test[0m
[2024/08/24 02:57:28.281314] [33m[WARN] test[0m
[2024/08/24 02:57:28.281495] [31m[ERROR] test[0m
[2024/08/24 02:57:28.281667] [41m[CRITICAL] test[0m
[DEBUG] test[0m
[36m[INFO] test[0m
[33m[WARN] test[0m
[31m[ERROR] test[0m
[41m[CRITICAL] test[0m
[2024/08/24 02:57:29.283493] [DEBUG] test[0m
[2024/08/24 02:57:29.283931] [36m[INFO] test[0m
[2024/08/24 02:57:29.284303] [33m[WARN] test[0m
[2024/08/24 02:57:29.284653] [31m[ERROR] test[0m
[2024/08/24 02:57:29.285004] [41m[CRITICAL] test[0m
[DEBUG] test[0m
[36m[INFO] test[0m
[33m[WARN] test[0m
[31m[ERROR] test[0m
[41m[CRITICAL] test[0m
[2024/08/24 02:57:30.287013] [DEBUG] test[0m
[2024/08/24 02:57:30.287278] [36m[INFO] test[0m
[2024/08/24 02:57:30.287497] [33m[WARN] test[0m
[2024/08/24 02:57:30.287706] [31m[ERROR] test[0m
[2024/08/24 02:57:30.287913] [41m[CRITICAL] test[0m
[DEBUG] test[0m
[36m[INFO] test[0m
[33m[WARN] test[0m
[31m[ERROR] test[0m
[41m[CRITICAL] test[0m
[2024/08/24 02:57:31.289764] [DEBUG] test[0m
[2024/08/24 02:57:31.290148] [36m[INFO] test[0m
[2024/08/24 02:57:31.290490] [33m[WARN] test[0m
[2024/08/24 02:57:31.290846] [31m[ERROR] test[0m
[2024/08/24 02:57:31.291261] [41m[CRITICAL] test[0m
[DEBUG] test[0m
[36m[INFO] test[0m
[33m[WARN] test[0m
[31m[ERROR] test[0m
[41m[CRITICAL] test[0m
[2024/08/24 02:57:32.293371] [DEBUG] test[0m
[2024/08/24 02:57:32.293628] [36m[INFO] test[0m
[2024/08/24 02:57:32.293865] [33m[WARN] test[0m
[2024/08/24 02:57:32.294083] [31m[ERROR] test[0m
[2024/08/24 02:57:32.294311] [41m[CRITICAL] test[0m
[DEBUG] test[0m
[36m[INFO] test[0m
[33m[WARN] test[0m
[31m[ERROR] test[0m
[41m[CRITICAL] test[0m
[2024/08/24 02:57:33.296099] [DEBUG] test[0m
[2024/08/24 02:57:33.296454] [36m[INFO] test[0m
[2024/08/24 02:57:33.296734] [33m[WARN] test[0m
[2024/08/24 02:57:33.296965] [31m[ERROR] test[0m
[2024/08/24 02:57:33.297184] [41m[CRITICAL] test[0m
[DEBUG] test[0m
[36m[INFO] test[0m
[33m[WARN] test[0m
[31m[ERROR] test[0m
[41m[CRITICAL] test[0m
[2024/08/24 02:57:34.298508] [DEBUG] test[0m
[2024/08/24 02:57:34.298831] [36m[INFO] test[0m
[2024/08/24 02:57:34.299098] [33m[WARN] test[0m
[2024/08/24 02:57:34.299362] [31m[ERROR] test[0m
[2024/08/24 02:57:34.299624] [41m[CRITICAL] test[0m
[DEBUG] test[0m
[36m[INFO] test[0m
[33m[WARN] test[0m
[31m[ERROR] test[0m
[41m[CRITICAL] test[0m
[2024/08/24 02:57:35.301727] [DEBUG] test[0m
[2024/08/24 02:57:35.302188] [36m[INFO] test[0m
[2024/08/24 02:57:35.302558] [33m[WARN] test[0m
[2024/08/24 02:57:35.302906] [31m[ERROR] test[0m
[2024/08/24 02:57:35.303264] [41m[CRITICAL] test[0m
[DEBUG] test[0m
[36m[INFO] test[0m
[33m[WARN] test[0m
[31m[ERROR] test[0m
[41m[CRITICAL] test[0m
[2024/08/24 02:57:36.305271] [DEBUG] test[0m
[2024/08/24 02:57:36.305533] [36m[INFO] test[0m
[2024/08/24 02:57:36.305746] [33m[WARN] test[0m
[2024/08/24 02:57:36.305958] [31m[ERROR] test[0m
[2024/08/24 02:57:36.306175] [41m[CRITICAL] test[0m
[DEBUG] test[0m
[36m[INFO] test[0m
[33m[WARN] test[0m
[31m[ERROR] test[0m
[41m[CRITICAL] test[0m
[2024/08/24 02:57:37.307976] [DEBUG] test[0m
[2024/08/24 02:57:37.308312] [36m[INFO] test[0m
[2024/08/24 02:57:37.308593] [33m[WARN] test[0m
[2024/08/24 02:57:37.308864] [31m[ERROR] test[0m
[2024/08/24 02:57:37.309131] [41m[CRITICAL] test[0m
[DEBUG] test[0m
[36m[INFO] test[0m
[33m[WARN] test[0m
[31m[ERROR] test[0m
[41m[CRITICAL] test[0m
[2024/08/24 02:57:38.310479] [DEBUG] test[0m
[2024/08/24 02:57:38.310745] [36m[INFO] test[0m
[2024/08/24 02:57:38.310954] [33m[WARN] test[0m
[2024/08/24 02:57:38.311130] [31m[ERROR] test[0m
[2024/08/24 02:57:38.311295] [41m[CRITICAL] test[0m
[DEBUG] test[0m
[36m[INFO] test[0m
[33m[WARN] test[0m
[31m[ERROR] test[0m
[41m[CRITICAL] test[0m
[2024/08/24 02:57:39.313221] [DEBUG] test[0m
[2024/08/24 02:57:39.313655] [36m[INFO] test[0m
[2024/08/24 02:57:39.314028] [33m[WARN] test[0m
[2024/08/24 02:57:39.314408] [31m[ERROR] test[0m
[2024/08/24 02:57:39.314759] [41m[CRITICAL] test[0m
[DEBUG] test[0m
[36m[INFO] test[0m
[33m[WARN] test[0m
[31m[ERROR] test[0m
[41m[CRITICAL] test[0m
[2024/08/24 02:57:40.317004] [DEBUG] test[0m
[2024/08/24 02:57:40.317268] [36m[INFO] test[0m
[2024/08/24 02:57:40.317511] [33m[WARN] test[0m
[2024/08/24 02:57:40.317729] [31m[ERROR] test[0m
[2024/08/24 02:57:40.317938] [41m[CRITICAL] test[0m
[DEBUG] test[0m
[36m[INFO] test[0m
[33m[WARN] test[0m
[31m[ERROR] test[0m
[41m[CRITICAL] test[0m
[2024/08/24 02:57:41.319760] [DEBUG] test[0m
[2024/08/24 02:57:41.320178] [36m[INFO] test[0m
[2024/08/24 02:57:41.320550] [33m[WARN] test[0m
[2024/08/24 02:57:41.320906] [31m[ERROR] test[0m
[2024/08/24 02:57:41.321260] [41m[CRITICAL] test[0m
[DEBUG] test[0m
[36m[INFO] test[0m
[33m[WARN] test[0m
[31m[ERROR] test[0m
[41m[CRITICAL] test[0m
[2024/08/24 03:00:58.774886] [DEBUG] test[0m
[2024/08/24 03:00:58.775199] [36m[INFO] test[0m
[2024/08/24 03:00:58.775425] [33m[WARN] test[0m
[2024/08/24 03:00:58.775641] [31m[ERROR] test[0m
[2024/08/24 03:00:58.775861] [41m[CRITICAL] test[0m
[2024/08/24 03:00:58.776049] [31m[DEBUG] test[0m
[2024/08/24 03:00:58.776231] [41m[33m[CRITICAL] test[0m
[2024/08/24 03:00:58.777305] [DEBUG] test[0m
[2024/08/24 03:00:58.777389] [DEBUG] test[0m
[2024/08/24 03:00:58.777618] [36m[INFO] test[0m
[2024/08/24 03:00:58.777689] [36m[INFO] test[0m
[2024/08/24 03:00:58.777915] [33m[WARN] test[0m
[2024/08/24 03:00:58.777984] [33m[WARN] test[0m
[2024/08/24 03:00:58.778223] [31m[ERROR] test[0m
[2024/08/24 03:00:58.778294] [31m[ERROR] test[0m
[2024/08/24 03:00:58.778515] [41m[CRITICAL] test[0m
[2024/08/24 03:00:58.778583] [41m[CRITICAL] test[0m
[2024/08/24 03:00:59.780229] [DEBUG] test[0m
[2024/08/24 03:00:59.780358] [DEBUG] test[0m
[2024/08/24 03:00:59.780713] [36m[INFO] test[0m
[2024/08/24 03:00:59.780788] [36m[INFO] test[0m
[2024/08/24 03:00:59.780962] [33m[WARN] test[0m
[2024/08/24 03:00:59.781008] [33m[WARN] test[0m
[2024/08/24 03:00:59.781189] [31m[ERROR] test[0m
[2024/08/24 03:00:59.781234] [31m[ERROR] test[0m
[2024/08/24 03:00:59.781397] [41m[CRITICAL] test[0m
[2024/08/24 03:00:59.781442] [41m[CRITICAL] test[0m
[2024/08/24 03:01:00.782924] [DEBUG] test[0m
[2024/08/24 03:01:00.783003] [DEBUG] test[0m
[2024/08/24 03:01:00.783279] [36m[INFO] test[0m
[2024/08/24 03:01:00.783356] [36m[INFO] test[0m
[2024/08/24 03:01:00.783559] [33m[WARN] test[0m
[2024/08/24 03:01:00.783608] [33m[WARN] test[0m
[2024/08/24 03:01:00.783769] [31m[ERROR] test[0m
[2024/08/24 03:01:00.783826] [31m[ERROR] test[0m
[2024/08/24 03:01:00.783989] [41m[CRITICAL] test[0m
[2024/08/24 03:01:00.784044] [41m[CRITICAL] test[0m
[2024/08/24 03:02:09.844129] [DEBUG] test[0m
[2024/08/24 03:02:09.844357] [36m[INFO] test[0m
[2024/08/24 03:02:09.844537] [33m[WARN] test[0m
[2024/08/24 03:02:09.844709] [31m[ERROR] test[0m
[2024/08/24 03:02:09.844883] [41m[CRITICAL] test[0m
[2024/08/24 03:02:09.845029] [31m[DEBUG] test[0m
[2024/08/24 03:02:09.845166] [41m[33m[CRITICAL] test[0m
[2024/08/24 03:02:09.846038] [DEBUG] test[0m
[2024/08/24 03:02:09.846094] [DEBUG] test[0m
[2024/08/24 03:02:09.846273] [36m[INFO] test[0m
[2024/08/24 03:02:09.846323] [36m[INFO] test[0m
[2024/08/24 03:02:09.846486] [33m[WARN] test[0m
[2024/08/24 03:02:09.846533] [33m[WARN] test[0m
[2024/08/24 03:02:09.846694] [31m[ERROR] test[0m
[2024/08/24 03:02:09.846742] [31m[ERROR] test[0m
[2024/08/24 03:02:09.846901] [41m[CRITICAL] test[0m
[2024/08/24 03:02:09.846948] [41m[CRITICAL] test[0m
[2024/08/24 03:02:10.848719] [DEBUG] test[0m
[2024/08/24 03:02:10.848864] [DEBUG] test[0m
[2024/08/24 03:02:10.849244] [36m[INFO] test[0m
[2024/08/24 03:02:10.849342] [36m[INFO] test[0m
[2024/08/24 03:02:10.849694] [33m[WARN] test[0m
[2024/08/24 03:02:10.849801] [33m[WARN] test[0m
[2024/08/24 03:02:10.850159] [31m[ERROR] test[0m
[2024/08/24 03:02:10.850247] [31m[ERROR] test[0m
[2024/08/24 03:02:10.850659] [41m[CRITICAL] test[0m
[2024/08/24 03:02:10.850746] [41m[CRITICAL] test[0m
[2024/08/24 03:02:11.852435] [DEBUG] test[0m
[2024/08/24 03:02:11.852518] [DEBUG] test[0m
[2024/08/24 03:02:11.852728] [36m[INFO] test[0m
[2024/08/24 03:02:11.852793] [36m[INFO] test[0m
[2024/08/24 03:02:11.852965] [33m[WARN] test[0m
[2024/08/24 03:02:11.853012] [33m[WARN] test[0m
[2024/08/24 03:02:11.853171] [31m[ERROR] test[0m
[2024/08/24 03:02:11.853216] [31m[ERROR] test[0m
[2024/08/24 03:02:11.853380] [41m[CRITICAL] test[0m
[2024/08/24 03:02:11.853424] [41m[CRITICAL] test[0m
[2024/08/24 03:02:52.787314] [DEBUG] test[0m
[2024/08/24 03:02:52.787558] [36m[INFO] test[0m
[2024/08/24 03:02:52.787745] [33m[WARN] test[0m
[2024/08/24 03:02:52.787914] [31m[ERROR] test[0m
[2024/08/24 03:02:52.788084] [41m[CRITICAL] test[0m
[2024/08/24 03:02:52.788226] [31m[DEBUG] test[0m
[2024/08/24 03:02:52.788361] [41m[33m[CRITICAL] test[0m
[2024/08/24 03:02:52.789228] [DEBUG] test[0m
[2024/08/24 03:02:52.789282] [DEBUG] test[0m
[2024/08/24 03:02:52.789451] [36m[INFO] test[0m
[2024/08/24 03:02:52.789500] [36m[INFO] test[0m
[2024/08/24 03:02:52.789661] [33m[WARN] test[0m
[2024/08/24 03:02:52.789709] [33m[WARN] test[0m
[2024/08/24 03:02:52.789868] [31m[ERROR] test[0m
[2024/08/24 03:02:52.789916] [31m[ERROR] test[0m
[2024/08/24 03:02:52.790074] [41m[CRITICAL] test[0m
[2024/08/24 03:02:52.790129] [41m[CRITICAL] test[0m
[2024/08/24 03:02:53.791747] [DEBUG] test[0m
[2024/08/24 03:02:53.791832] [DEBUG] test[0m
[2024/08/24 03:02:53.792041] [36m[INFO] test[0m
[2024/08/24 03:02:53.792091] [36m[INFO] test[0m
[2024/08/24 03:02:53.792246] [33m[WARN] test[0m
[2024/08/24 03:02:53.792294] [33m[WARN] test[0m
[2024/08/24 03:02:53.792453] [31m[ERROR] test[0m
[2024/08/24 03:02:53.792500] [31m[ERROR] test[0m
[2024/08/24 03:02:53.792652] [41m[CRITICAL] test[0m
[2024/08/24 03:02:53.792706] [41m[CRITICAL] test[0m
[2024/08/24 03:02:54.794188] [DEBUG] test[0m
[2024/08/24 03:02:54.794271] [DEBUG] test[0m
[2024/08/24 03:02:54.794486] [36m[INFO] test[0m
[2024/08/24 03:02:54.794558] [36m[INFO] test[0m
[2024/08/24 03:02:54.794775] [33m[WARN] test[0m
[2024/08/24 03:02:54.794832] [33m[WARN] test[0m
[2024/08/24 03:02:54.795026] [31m[ERROR] test[0m
[2024/08/24 03:02:54.795080] [31m[ERROR] test[0m
[2024/08/24 03:02:54.795222] [41m[CRITICAL] test[0m
[2024/08/24 03:02:54.795271] [41m[CRITICAL] test[0m
[2024/08/24 03:02:55.797083] [DEBUG] test[0m
[2024/08/24 03:02:55.797168] [DEBUG] test[0m
[2024/08/24 03:02:55.804481] [36m[INFO] test[0m
[2024/08/24 03:02:55.804547] [36m[INFO] test[0m
[2024/08/24 03:02:55.804753] [33m[WARN] test[0m
[2024/08/24 03:02:55.804810] [33m[WARN] test[0m
[2024/08/24 03:02:55.805031] [31m[ERROR] test[0m
[2024/08/24 03:02:55.805117] [31m[ERROR] test[0m
[2024/08/24 03:02:55.805371] [41m[CRITICAL] test[0m
[2024/08/24 03:02:55.805444] [41m[CRITICAL] test[0m
[2024/08/24 03:02:56.807003] [DEBUG] test[0m
[2024/08/24 03:02:56.807098] [DEBUG] test[0m
[2024/08/24 03:02:56.807355] [36m[INFO] test[0m
[2024/08/24 03:02:56.807429] [36m[INFO] test[0m
[2024/08/24 03:02:56.807693] [33m[WARN] test[0m
[2024/08/24 03:02:56.807764] [33m[WARN] test[0m
[2024/08/24 03:02:56.808009] [31m[ERROR] test[0m
[2024/08/24 03:02:56.808078] [31m[ERROR] test[0m
[2024/08/24 03:02:56.808311] [41m[CRITICAL] test[0m
[2024/08/24 03:02:56.808381] [41m[CRITICAL] test[0m
[2024/08/24 03:02:57.809903] [DEBUG] test[0m
[2024/08/24 03:02:57.809993] [DEBUG] test[0m
[2024/08/24 03:02:57.810243] [36m[INFO] test[0m
[2024/08/24 03:02:57.810309] [36m[INFO] test[0m
[2024/08/24 03:02:57.810534] [33m[WARN] test[0m
[2024/08/24 03:02:57.810594] [33m[WARN] test[0m
[2024/08/24 03:02:57.810787] [31m[ERROR] test[0m
[2024/08/24 03:02:57.810846] [31m[ERROR] test[0m
[2024/08/24 03:02:57.811017] [41m[CRITICAL] test[0m
[2024/08/24 03:02:57.811064] [41m[CRITICAL] test[0m
[2024/08/24 03:02:58.812592] [DEBUG] test[0m
[2024/08/24 03:02:58.812700] [DEBUG] test[0m
[2024/08/24 03:02:58.813010] [36m[INFO] test[0m
[2024/08/24 03:02:58.813091] [36m[INFO] test[0m
[2024/08/24 03:02:58.813370] [33m[WARN] test[0m
[2024/08/24 03:02:58.813456] [33m[WARN] test[0m
[2024/08/24 03:02:58.813683] [31m[ERROR] test[0m
[2024/08/24 03:02:58.813750] [31m[ERROR] test[0m
[2024/08/24 03:02:58.813962] [41m[CRITICAL] test[0m
[2024/08/24 03:02:58.814029] [41m[CRITICAL] test[0m
[2024/08/24 03:02:59.815660] [DEBUG] test[0m
[2024/08/24 03:02:59.815751] [DEBUG] test[0m
[2024/08/24 03:02:59.815969] [36m[INFO] test[0m
[2024/08/24 03:02:59.816029] [36m[INFO] test[0m
[2024/08/24 03:02:59.816226] [33m[WARN] test[0m
[2024/08/24 03:02:59.816284] [33m[WARN] test[0m
[2024/08/24 03:02:59.816478] [31m[ERROR] test[0m
[2024/08/24 03:02:59.816535] [31m[ERROR] test[0m
[2024/08/24 03:02:59.816722] [41m[CRITICAL] test[0m
[2024/08/24 03:02:59.816779] [41m[CRITICAL] test[0m
[2024/08/24 03:03:00.818349] [DEBUG] test[0m
[2024/08/24 03:03:00.818447] [DEBUG] test[0m
[2024/08/24 03:03:00.825562] [36m[INFO] test[0m
[2024/08/24 03:03:00.825641] [36m[INFO] test[0m
[2024/08/24 03:03:00.825880] [33m[WARN] test[0m
[2024/08/24 03:03:00.825952] [33m[WARN] test[0m
[2024/08/24 03:03:00.826195] [31m[ERROR] test[0m
[2024/08/24 03:03:00.826271] [31m[ERROR] test[0m
[2024/08/24 03:03:00.826502] [41m[CRITICAL] test[0m
[2024/08/24 03:03:00.826572] [41m[CRITICAL] test[0m
[2024/08/24 03:03:01.828352] [DEBUG] test[0m
[2024/08/24 03:03:01.828476] [DEBUG] test[0m
[2024/08/24 03:03:01.828834] [36m[INFO] test[0m
[2024/08/24 03:03:01.828931] [36m[INFO] test[0m
[2024/08/24 03:03:01.829258] [33m[WARN] test[0m
[2024/08/24 03:03:01.829352] [33m[WARN] test[0m
[2024/08/24 03:03:01.829671] [31m[ERROR] test[0m
[2024/08/24 03:03:01.829763] [31m[ERROR] test[0m
[2024/08/24 03:03:01.830076] [41m[CRITICAL] test[0m
[2024/08/24 03:03:01.830205] [41m[CRITICAL] test[0m
[2024/08/24 03:03:02.831833] [DEBUG] test[0m
[2024/08/24 03:03:02.831930] [DEBUG] test[0m
[2024/08/24 03:03:02.832190] [36m[INFO] test[0m
[2024/08/24 03:03:02.832274] [36m[INFO] test[0m
[2024/08/24 03:03:02.832537] [33m[WARN] test[0m
[2024/08/24 03:03:02.832608] [33m[WARN] test[0m
[2024/08/24 03:03:02.832848] [31m[ERROR] test[0m
[2024/08/24 03:03:02.832920] [31m[ERROR] test[0m
[2024/08/24 03:03:02.833163] [41m[CRITICAL] test[0m
[2024/08/24 03:03:02.833224] [41m[CRITICAL] test[0m
[2024/08/24 03:03:03.835016] [DEBUG] test[0m
[2024/08/24 03:03:03.835147] [DEBUG] test[0m
[2024/08/24 03:03:03.835491] [36m[INFO] test[0m
[2024/08/24 03:03:03.835608] [36m[INFO] test[0m
[2024/08/24 03:03:03.835936] [33m[WARN] test[0m
[2024/08/24 03:03:03.836029] [33m[WARN] test[0m
[2024/08/24 03:03:03.836357] [31m[ERROR] test[0m
[2024/08/24 03:03:03.836450] [31m[ERROR] test[0m
[2024/08/24 03:03:03.836777] [41m[CRITICAL] test[0m
[2024/08/24 03:03:03.836869] [41m[CRITICAL] test[0m
[2024/08/24 03:03:04.838493] [DEBUG] test[0m
[2024/08/24 03:03:04.838592] [DEBUG] test[0m
[2024/08/24 03:03:04.838856] [36m[INFO] test[0m
[2024/08/24 03:03:04.838928] [36m[INFO] test[0m
[2024/08/24 03:03:04.839174] [33m[WARN] test[0m
[2024/08/24 03:03:04.839245] [33m[WARN] test[0m
[2024/08/24 03:03:04.839484] [31m[ERROR] test[0m
[2024/08/24 03:03:04.839555] [31m[ERROR] test[0m
[2024/08/24 03:03:04.839791] [41m[CRITICAL] test[0m
[2024/08/24 03:03:04.839861] [41m[CRITICAL] test[0m
[2024/08/24 03:03:05.841541] [DEBUG] test[0m
[2024/08/24 03:03:05.841684] [DEBUG] test[0m
[2024/08/24 03:03:05.849012] [36m[INFO] test[0m
[2024/08/24 03:03:05.849118] [36m[INFO] test[0m
[2024/08/24 03:03:05.849495] [33m[WARN] test[0m
[2024/08/24 03:03:05.849590] [33m[WARN] test[0m
[2024/08/24 03:03:05.849952] [31m[ERROR] test[0m
[2024/08/24 03:03:05.850047] [31m[ERROR] test[0m
[2024/08/24 03:03:05.850437] [41m[CRITICAL] test[0m
[2024/08/24 03:03:05.850533] [41m[CRITICAL] test[0m
[2024/08/24 03:03:06.852180] [DEBUG] test[0m
[2024/08/24 03:03:06.852278] [DEBUG] test[0m
[2024/08/24 03:03:06.852544] [36m[INFO] test[0m
[2024/08/24 03:03:06.852624] [36m[INFO] test[0m
[2024/08/24 03:03:06.852862] [33m[WARN] test[0m
[2024/08/24 03:03:06.852937] [33m[WARN] test[0m
[2024/08/24 03:03:06.853162] [31m[ERROR] test[0m
[2024/08/24 03:03:06.853235] [31m[ERROR] test[0m
[2024/08/24 03:03:06.853457] [41m[CRITICAL] test[0m
[2024/08/24 03:03:06.853529] [41m[CRITICAL] test[0m
[2024/08/24 03:03:07.855159] [DEBUG] test[0m
[2024/08/24 03:03:07.855326] [DEBUG] test[0m
[2024/08/24 03:03:07.855826] [36m[INFO] test[0m
[2024/08/24 03:03:07.855983] [36m[INFO] test[0m
[2024/08/24 03:03:07.856441] [33m[WARN] test[0m
[2024/08/24 03:03:07.856580] [33m[WARN] test[0m
[2024/08/24 03:03:07.857036] [31m[ERROR] test[0m
[2024/08/24 03:03:07.857175] [31m[ERROR] test[0m
[2024/08/24 03:03:07.857615] [41m[CRITICAL] test[0m
[2024/08/24 03:03:07.857753] [41m[CRITICAL] test[0m
[2024/08/24 03:03:08.859442] [DEBUG] test[0m
[2024/08/24 03:03:08.859572] [DEBUG] test[0m
[2024/08/24 03:03:08.859927] [36m[INFO] test[0m
[2024/08/24 03:03:08.860035] [36m[INFO] test[0m
[2024/08/24 03:03:08.860363] [33m[WARN] test[0m
[2024/08/24 03:03:08.860469] [33m[WARN] test[0m
[2024/08/24 03:03:08.860795] [31m[ERROR] test[0m
[2024/08/24 03:03:08.860899] [31m[ERROR] test[0m
[2024/08/24 03:03:08.861225] [41m[CRITICAL] test[0m
[2024/08/24 03:03:08.861329] [41m[CRITICAL] test[0m
[2024/08/24 03:03:09.862926] [DEBUG] test[0m
[2024/08/24 03:03:09.863010] [DEBUG] test[0m
[2024/08/24 03:03:09.863224] [36m[INFO] test[0m
[2024/08/24 03:03:09.863285] [36m[INFO] test[0m
[2024/08/24 03:03:09.863477] [33m[WARN] test[0m
[2024/08/24 03:03:09.863533] [33m[WARN] test[0m
[2024/08/24 03:03:09.863723] [31m[ERROR] test[0m
[2024/08/24 03:03:09.863779] [31m[ERROR] test[0m
[2024/08/24 03:03:09.863967] [41m[CRITICAL] test[0m
[2024/08/24 03:03:09.864022] [41m[CRITICAL] test[0m
[2024/08/24 03:03:13.171171] [DEBUG] test[0m
[2024/08/24 03:03:13.171409] [36m[INFO] test[0m
[2024/08/24 03:03:13.171611] [33m[WARN] test[0m
[2024/08/24 03:03:13.171798] [31m[ERROR] test[0m
[2024/08/24 03:03:13.171986] [41m[CRITICAL] test[0m
[2024/08/24 03:03:13.172144] [31m[DEBUG] test[0m
[2024/08/24 03:03:13.172310] [41m[33m[CRITICAL] test[0m
[2024/08/24 03:03:13.173199] [DEBUG] test[0m
[2024/08/24 03:03:13.173257] [DEBUG] test[0m
[2024/08/24 03:03:13.173440] [36m[INFO] test[0m
[2024/08/24 03:03:13.173492] [36m[INFO] test[0m
[2024/08/24 03:03:13.173665] [33m[WARN] test[0m
[2024/08/24 03:03:13.173716] [33m[WARN] test[0m
[2024/08/24 03:03:13.173888] [31m[ERROR] test[0m
[2024/08/24 03:03:13.173939] [31m[ERROR] test[0m
[2024/08/24 03:03:13.174116] [41m[CRITICAL] test[0m
[2024/08/24 03:03:13.174170] [41m[CRITICAL] test[0m
[2024/08/24 03:03:14.175783] [DEBUG] test[0m
[2024/08/24 03:03:14.175862] [DEBUG] test[0m
[2024/08/24 03:03:14.176076] [36m[INFO] test[0m
[2024/08/24 03:03:14.176135] [36m[INFO] test[0m
[2024/08/24 03:03:14.176338] [33m[WARN] test[0m
[2024/08/24 03:03:14.176402] [33m[WARN] test[0m
[2024/08/24 03:03:14.176592] [31m[ERROR] test[0m
[2024/08/24 03:03:14.176648] [31m[ERROR] test[0m
[2024/08/24 03:03:14.176795] [41m[CRITICAL] test[0m
[2024/08/24 03:03:14.176846] [41m[CRITICAL] test[0m
[2024/08/24 03:03:15.178321] [DEBUG] test[0m
[2024/08/24 03:03:15.178404] [DEBUG] test[0m
[2024/08/24 03:03:15.178598] [36m[INFO] test[0m
[2024/08/24 03:03:15.178651] [36m[INFO] test[0m
[2024/08/24 03:03:15.178812] [33m[WARN] test[0m
[2024/08/24 03:03:15.178866] [33m[WARN] test[0m
[2024/08/24 03:03:15.179023] [31m[ERROR] test[0m
[2024/08/24 03:03:15.179080] [31m[ERROR] test[0m
[2024/08/24 03:03:15.179236] [41m[CRITICAL] test[0m
[2024/08/24 03:03:15.179283] [41m[CRITICAL] test[0m
[2024/08/24 03:03:16.180758] [DEBUG] test[0m
[2024/08/24 03:03:16.180842] [DEBUG] test[0m
[2024/08/24 03:03:16.181067] [36m[INFO] test[0m
[2024/08/24 03:03:16.181129] [36m[INFO] test[0m
[2024/08/24 03:03:16.181340] [33m[WARN] test[0m
[2024/08/24 03:03:16.181400] [33m[WARN] test[0m
[2024/08/24 03:03:16.181572] [31m[ERROR] test[0m
[2024/08/24 03:03:16.181618] [31m[ERROR] test[0m
[2024/08/24 03:03:16.181767] [41m[CRITICAL] test[0m
[2024/08/24 03:03:16.181815] [41m[CRITICAL] test[0m
[2024/08/24 03:03:41.468670] [DEBUG] test[0m
[2024/08/24 03:03:41.468920] [36m[INFO] test[0m
[2024/08/24 03:03:41.469114] [33m[WARN] test[0m
[2024/08/24 03:03:41.469299] [31m[ERROR] test[0m
[2024/08/24 03:03:41.469486] [41m[CRITICAL] test[0m
[2024/08/24 03:03:41.469641] [31m[DEBUG] test[0m
[2024/08/24 03:03:41.469791] [41m[33m[CRITICAL] test[0m
[2024/08/24 03:03:41.470665] [DEBUG] test[0m
[2024/08/24 03:03:41.470721] [DEBUG] test[0m
[2024/08/24 03:03:41.470905] [36m[INFO] test[0m
[2024/08/24 03:03:41.470956] [36m[INFO] test[0m
[2024/08/24 03:03:41.471132] [33m[WARN] test[0m
[2024/08/24 03:03:41.471182] [33m[WARN] test[0m
[2024/08/24 03:03:41.471354] [31m[ERROR] test[0m
[2024/08/24 03:03:41.471403] [31m[ERROR] test[0m
[2024/08/24 03:03:41.471575] [41m[CRITICAL] test[0m
[2024/08/24 03:03:41.471624] [41m[CRITICAL] test[0m
[2024/08/24 03:03:42.473224] [DEBUG] test[0m
[2024/08/24 03:03:42.473313] [DEBUG] test[0m
[2024/08/24 03:03:42.473558] [36m[INFO] test[0m
[2024/08/24 03:03:42.473624] [36m[INFO] test[0m
[2024/08/24 03:03:42.473839] [33m[WARN] test[0m
[2024/08/24 03:03:42.473900] [33m[WARN] test[0m
[2024/08/24 03:03:42.474101] [31m[ERROR] test[0m
[2024/08/24 03:03:42.474169] [31m[ERROR] test[0m
[2024/08/24 03:03:42.474336] [41m[CRITICAL] test[0m
[2024/08/24 03:03:42.474383] [41m[CRITICAL] test[0m
[2024/08/24 03:03:43.475897] [DEBUG] test[0m
[2024/08/24 03:03:43.475971] [DEBUG] test[0m
[2024/08/24 03:03:43.476168] [36m[INFO] test[0m
[2024/08/24 03:03:43.476220] [36m[INFO] test[0m
[2024/08/24 03:03:43.476400] [33m[WARN] test[0m
[2024/08/24 03:03:43.476450] [33m[WARN] test[0m
[2024/08/24 03:03:43.476619] [31m[ERROR] test[0m
[2024/08/24 03:03:43.476668] [31m[ERROR] test[0m
[2024/08/24 03:03:43.476839] [41m[CRITICAL] test[0m
[2024/08/24 03:03:43.476889] [41m[CRITICAL] test[0m
[2024/08/24 03:03:44.478362] [DEBUG] test[0m
[2024/08/24 03:03:44.478447] [DEBUG] test[0m
[2024/08/24 03:03:44.478674] [36m[INFO] test[0m
[2024/08/24 03:03:44.478750] [36m[INFO] test[0m
[2024/08/24 03:03:44.478967] [33m[WARN] test[0m
[2024/08/24 03:03:44.479022] [33m[WARN] test[0m
[2024/08/24 03:03:44.479178] [31m[ERROR] test[0m
[2024/08/24 03:03:44.479224] [31m[ERROR] test[0m
[2024/08/24 03:03:44.479377] [41m[CRITICAL] test[0m
[2024/08/24 03:03:44.479423] [41m[CRITICAL] test[0m
[2024/08/24 03:03:45.480883] [DEBUG] test[0m
[2024/08/24 03:03:45.480965] [DEBUG] test[0m
[2024/08/24 03:03:45.481189] [36m[INFO] test[0m
[2024/08/24 03:03:45.481249] [36m[INFO] test[0m
[2024/08/24 03:03:45.481458] [33m[WARN] test[0m
[2024/08/24 03:03:45.481516] [33m[WARN] test[0m
[2024/08/24 03:03:45.481711] [31m[ERROR] test[0m
[2024/08/24 03:03:45.481769] [31m[ERROR] test[0m
[2024/08/24 03:03:45.481967] [41m[CRITICAL] test[0m
[2024/08/24 03:03:45.482024] [41m[CRITICAL] test[0m
[2024/08/24 03:03:46.484019] [DEBUG] test[0m
[2024/08/24 03:03:46.484102] [DEBUG] test[0m
[2024/08/24 03:03:46.484318] [36m[INFO] test[0m
[2024/08/24 03:03:46.484375] [36m[INFO] test[0m
[2024/08/24 03:03:46.484577] [33m[WARN] test[0m
[2024/08/24 03:03:46.484633] [33m[WARN] test[0m
[2024/08/24 03:03:46.484839] [31m[ERROR] test[0m
[2024/08/24 03:03:46.484894] [31m[ERROR] test[0m
[2024/08/24 03:03:46.485087] [41m[CRITICAL] test[0m
[2024/08/24 03:03:46.485143] [41m[CRITICAL] test[0m
[2024/08/24 03:03:47.486973] [DEBUG] test[0m
[2024/08/24 03:03:47.487072] [DEBUG] test[0m
[2024/08/24 03:03:47.487463] [36m[INFO] test[0m
[2024/08/24 03:03:47.487538] [36m[INFO] test[0m
[2024/08/24 03:03:47.487801] [33m[WARN] test[0m
[2024/08/24 03:03:47.487876] [33m[WARN] test[0m
[2024/08/24 03:03:47.488133] [31m[ERROR] test[0m
[2024/08/24 03:03:47.488205] [31m[ERROR] test[0m
[2024/08/24 03:03:47.488461] [41m[CRITICAL] test[0m
[2024/08/24 03:03:47.488535] [41m[CRITICAL] test[0m
[2024/08/24 03:03:48.490288] [DEBUG] test[0m
[2024/08/24 03:03:48.490425] [DEBUG] test[0m
[2024/08/24 03:03:48.490800] [36m[INFO] test[0m
[2024/08/24 03:03:48.490915] [36m[INFO] test[0m
[2024/08/24 03:03:48.491255] [33m[WARN] test[0m
[2024/08/24 03:03:48.491352] [33m[WARN] test[0m
[2024/08/24 03:03:48.491681] [31m[ERROR] test[0m
[2024/08/24 03:03:48.491777] [31m[ERROR] test[0m
[2024/08/24 03:03:48.492105] [41m[CRITICAL] test[0m
[2024/08/24 03:03:48.492203] [41m[CRITICAL] test[0m
[2024/08/24 03:03:49.493167] [DEBUG] test[0m
[2024/08/24 03:03:49.493271] [DEBUG] test[0m
[2024/08/24 03:03:49.493530] [36m[INFO] test[0m
[2024/08/24 03:03:49.493614] [36m[INFO] test[0m
[2024/08/24 03:03:49.493866] [33m[WARN] test[0m
[2024/08/24 03:03:49.493945] [33m[WARN] test[0m
[2024/08/24 03:03:49.494203] [31m[ERROR] test[0m
[2024/08/24 03:03:49.494280] [31m[ERROR] test[0m
[2024/08/24 03:03:49.494519] [41m[CRITICAL] test[0m
[2024/08/24 03:03:49.494594] [41m[CRITICAL] test[0m
[2024/08/24 03:03:50.496145] [DEBUG] test[0m
[2024/08/24 03:03:50.496257] [DEBUG] test[0m
[2024/08/24 03:03:50.496611] [36m[INFO] test[0m
[2024/08/24 03:03:50.496708] [36m[INFO] test[0m
[2024/08/24 03:03:50.497029] [33m[WARN] test[0m
[2024/08/24 03:03:50.497124] [33m[WARN] test[0m
[2024/08/24 03:03:50.497437] [31m[ERROR] test[0m
[2024/08/24 03:03:50.497530] [31m[ERROR] test[0m
[2024/08/24 03:03:50.497840] [41m[CRITICAL] test[0m
[2024/08/24 03:03:50.497932] [41m[CRITICAL] test[0m
[2024/08/24 03:03:51.499511] [DEBUG] test[0m
[2024/08/24 03:03:51.499595] [DEBUG] test[0m
[2024/08/24 03:03:51.499846] [36m[INFO] test[0m
[2024/08/24 03:03:51.499928] [36m[INFO] test[0m
[2024/08/24 03:03:51.500132] [33m[WARN] test[0m
[2024/08/24 03:03:51.500191] [33m[WARN] test[0m
[2024/08/24 03:03:51.500383] [31m[ERROR] test[0m
[2024/08/24 03:03:51.500441] [31m[ERROR] test[0m
[2024/08/24 03:03:51.500630] [41m[CRITICAL] test[0m
[2024/08/24 03:03:51.500688] [41m[CRITICAL] test[0m
[2024/08/24 03:03:52.502350] [DEBUG] test[0m
[2024/08/24 03:03:52.502476] [DEBUG] test[0m
[2024/08/24 03:03:52.502830] [36m[INFO] test[0m
[2024/08/24 03:03:52.503006] [36m[INFO] test[0m
[2024/08/24 03:03:52.503371] [33m[WARN] test[0m
[2024/08/24 03:03:52.503522] [33m[WARN] test[0m
[2024/08/24 03:03:52.503866] [31m[ERROR] test[0m
[2024/08/24 03:03:52.503959] [31m[ERROR] test[0m
[2024/08/24 03:03:52.504278] [41m[CRITICAL] test[0m
[2024/08/24 03:03:52.504391] [41m[CRITICAL] test[0m
[2024/08/24 03:03:53.505959] [DEBUG] test[0m
[2024/08/24 03:03:53.506041] [DEBUG] test[0m
[2024/08/24 03:03:53.506306] [36m[INFO] test[0m
[2024/08/24 03:03:53.506380] [36m[INFO] test[0m
[2024/08/24 03:03:53.506584] [33m[WARN] test[0m
[2024/08/24 03:03:53.506642] [33m[WARN] test[0m
[2024/08/24 03:03:53.506832] [31m[ERROR] test[0m
[2024/08/24 03:03:53.506889] [31m[ERROR] test[0m
[2024/08/24 03:03:53.507073] [41m[CRITICAL] test[0m
[2024/08/24 03:03:53.507130] [41m[CRITICAL] test[0m
[2024/08/24 03:03:54.508682] [DEBUG] test[0m
[2024/08/24 03:03:54.508783] [DEBUG] test[0m
[2024/08/24 03:03:54.509080] [36m[INFO] test[0m
[2024/08/24 03:03:54.509192] [36m[INFO] test[0m
[2024/08/24 03:03:54.509443] [33m[WARN] test[0m
[2024/08/24 03:03:54.509531] [33m[WARN] test[0m
[2024/08/24 03:03:54.509772] [31m[ERROR] test[0m
[2024/08/24 03:03:54.509842] [31m[ERROR] test[0m
[2024/08/24 03:03:54.510071] [41m[CRITICAL] test[0m
[2024/08/24 03:03:54.510162] [41m[CRITICAL] test[0m
[2024/08/24 03:03:55.511697] [DEBUG] test[0m
[2024/08/24 03:03:55.511775] [DEBUG] test[0m
[2024/08/24 03:03:55.512011] [36m[INFO] test[0m
[2024/08/24 03:03:55.512106] [36m[INFO] test[0m
[2024/08/24 03:03:55.512313] [33m[WARN] test[0m
[2024/08/24 03:03:55.512371] [33m[WARN] test[0m
[2024/08/24 03:03:55.512560] [31m[ERROR] test[0m
[2024/08/24 03:03:55.512621] [31m[ERROR] test[0m
[2024/08/24 03:03:55.512806] [41m[CRITICAL] test[0m
[2024/08/24 03:03:55.512869] [41m[CRITICAL] test[0m
[2024/08/24 03:03:56.514385] [DEBUG] test[0m
[2024/08/24 03:03:56.514465] [DEBUG] test[0m
[2024/08/24 03:03:56.514721] [36m[INFO] test[0m
[2024/08/24 03:03:56.514798] [36m[INFO] test[0m
[2024/08/24 03:03:56.514994] [33m[WARN] test[0m
[2024/08/24 03:03:56.515051] [33m[WARN] test[0m
[2024/08/24 03:03:56.515236] [31m[ERROR] test[0m
[2024/08/24 03:03:56.515292] [31m[ERROR] test[0m
[2024/08/24 03:03:56.515479] [41m[CRITICAL] test[0m
[2024/08/24 03:03:56.515534] [41m[CRITICAL] test[0m
[2024/08/24 03:03:57.517074] [DEBUG] test[0m
[2024/08/24 03:03:57.517174] [DEBUG] test[0m
[2024/08/24 03:03:57.517494] [36m[INFO] test[0m
[2024/08/24 03:03:57.517573] [36m[INFO] test[0m
[2024/08/24 03:03:57.517825] [33m[WARN] test[0m
[2024/08/24 03:03:57.517896] [33m[WARN] test[0m
[2024/08/24 03:03:57.518151] [31m[ERROR] test[0m
[2024/08/24 03:03:57.518227] [31m[ERROR] test[0m
[2024/08/24 03:03:57.518514] [41m[CRITICAL] test[0m
[2024/08/24 03:03:57.518604] [41m[CRITICAL] test[0m
[2024/08/24 03:03:58.520175] [DEBUG] test[0m
[2024/08/24 03:03:58.520258] [DEBUG] test[0m
[2024/08/24 03:03:58.520500] [36m[INFO] test[0m
[2024/08/24 03:03:58.520579] [36m[INFO] test[0m
[2024/08/24 03:03:58.520772] [33m[WARN] test[0m
[2024/08/24 03:03:58.520828] [33m[WARN] test[0m
[2024/08/24 03:03:58.521012] [31m[ERROR] test[0m
[2024/08/24 03:03:58.521068] [31m[ERROR] test[0m
[2024/08/24 03:03:58.521250] [41m[CRITICAL] test[0m
[2024/08/24 03:03:58.521305] [41m[CRITICAL] test[0m
[2024/08/24 03:03:59.522564] [DEBUG] test[0m
[2024/08/24 03:03:59.522694] [DEBUG] test[0m
[2024/08/24 03:03:59.523009] [36m[INFO] test[0m
[2024/08/24 03:03:59.523109] [36m[INFO] test[0m
[2024/08/24 03:03:59.523441] [33m[WARN] test[0m
[2024/08/24 03:03:59.523540] [33m[WARN] test[0m
[2024/08/24 03:03:59.523860] [31m[ERROR] test[0m
[2024/08/24 03:03:59.523946] [31m[ERROR] test[0m
[2024/08/24 03:03:59.524205] [41m[CRITICAL] test[0m
[2024/08/24 03:03:59.524300] [41m[CRITICAL] test[0m
[2024/08/24 03:04:56.430242] [DEBUG] test[0m
[2024/08/24 03:04:56.430518] [36m[INFO] test[0m
[2024/08/24 03:04:56.430754] [33m[WARN] test[0m
[2024/08/24 03:04:56.430981] [31m[ERROR] test[0m
[2024/08/24 03:04:56.431208] [41m[CRITICAL] test[0m
[2024/08/24 03:04:56.431408] [31m[DEBUG] test[0m
[2024/08/24 03:04:56.431613] [41m[33m[CRITICAL] test[0m
[2024/08/24 03:04:56.432527] [DEBUG] test[0m
[2024/08/24 03:04:56.432798] [36m[INFO] test[0m
[2024/08/24 03:04:56.433032] [33m[WARN] test[0m
[2024/08/24 03:04:56.433267] [31m[ERROR] test[0m
[2024/08/24 03:04:56.433496] [41m[CRITICAL] test[0m
[2024/08/24 03:04:56.433803] [DEBUG] test[0m
[2024/08/24 03:04:56.433874] [36m[INFO] test[0m
[2024/08/24 03:04:56.433942] [33m[WARN] test[0m
[2024/08/24 03:04:56.434008] [31m[ERROR] test[0m
[2024/08/24 03:04:56.434074] [41m[CRITICAL] test[0m
[2024/08/24 03:04:57.435665] [DEBUG] test[0m
[2024/08/24 03:04:57.436007] [36m[INFO] test[0m
[2024/08/24 03:04:57.436265] [33m[WARN] test[0m
[2024/08/24 03:04:57.436508] [31m[ERROR] test[0m
[2024/08/24 03:04:57.436745] [41m[CRITICAL] test[0m
[2024/08/24 03:04:57.436983] [DEBUG] test[0m
[2024/08/24 03:04:57.437058] [36m[INFO] test[0m
[2024/08/24 03:04:57.437131] [33m[WARN] test[0m
[2024/08/24 03:04:57.437202] [31m[ERROR] test[0m
[2024/08/24 03:04:57.437273] [41m[CRITICAL] test[0m
[2024/08/24 03:04:58.438699] [DEBUG] test[0m
[2024/08/24 03:04:58.439020] [36m[INFO] test[0m
[2024/08/24 03:04:58.439305] [33m[WARN] test[0m
[2024/08/24 03:04:58.439575] [31m[ERROR] test[0m
[2024/08/24 03:04:58.439801] [41m[CRITICAL] test[0m
[2024/08/24 03:04:58.440022] [DEBUG] test[0m
[2024/08/24 03:04:58.440091] [36m[INFO] test[0m
[2024/08/24 03:04:58.440157] [33m[WARN] test[0m
[2024/08/24 03:04:58.440221] [31m[ERROR] test[0m
[2024/08/24 03:04:58.440285] [41m[CRITICAL] test[0m
[2024/08/24 03:05:08.714740] [DEBUG] test[0m
[2024/08/24 03:05:08.715019] [36m[INFO] test[0m
[2024/08/24 03:05:08.715251] [33m[WARN] test[0m
[2024/08/24 03:05:08.715455] [31m[ERROR] test[0m
[2024/08/24 03:05:08.715658] [41m[CRITICAL] test[0m
[2024/08/24 03:05:08.715832] [31m[DEBUG] test[0m
[2024/08/24 03:05:08.715995] [41m[33m[CRITICAL] test[0m
[2024/08/24 03:05:08.716923] [DEBUG] test[0m
[2024/08/24 03:05:08.716979] [DEBUG] test[0m
[2024/08/24 03:05:08.717183] [36m[INFO] test[0m
[2024/08/24 03:05:08.717234] [36m[INFO] test[0m
[2024/08/24 03:05:08.717444] [33m[WARN] test[0m
[2024/08/24 03:05:08.717494] [33m[WARN] test[0m
[2024/08/24 03:05:08.717691] [31m[ERROR] test[0m
[2024/08/24 03:05:08.717745] [31m[ERROR] test[0m
[2024/08/24 03:05:08.717944] [41m[CRITICAL] test[0m
[2024/08/24 03:05:08.717993] [41m[CRITICAL] test[0m
[2024/08/24 03:05:09.719674] [DEBUG] test[0m
[2024/08/24 03:05:09.719756] [DEBUG] test[0m
[2024/08/24 03:05:09.720007] [36m[INFO] test[0m
[2024/08/24 03:05:09.720058] [36m[INFO] test[0m
[2024/08/24 03:05:09.720249] [33m[WARN] test[0m
[2024/08/24 03:05:09.720298] [33m[WARN] test[0m
[2024/08/24 03:05:09.720484] [31m[ERROR] test[0m
[2024/08/24 03:05:09.720531] [31m[ERROR] test[0m
[2024/08/24 03:05:09.720709] [41m[CRITICAL] test[0m
[2024/08/24 03:05:09.720762] [41m[CRITICAL] test[0m
[2024/08/24 03:13:34.288336] [DEBUG] test[0m
[2024/08/24 03:13:34.288573] [36m[INFO] test[0m
[2024/08/24 03:13:34.288755] [33m[WARN] test[0m
[2024/08/24 03:13:34.288928] [31m[ERROR] test[0m
[2024/08/24 03:13:34.289103] [41m[CRITICAL] test[0m
[2024/08/24 03:13:34.289248] [31m[DEBUG] test[0m
[2024/08/24 03:13:34.289387] [41m[33m[CRITICAL] test[0m
[2024/08/24 03:13:34.290236] [DEBUG] test[0m
[2024/08/24 03:13:34.290291] [DEBUG] test[0m
[2024/08/24 03:13:34.290462] [36m[INFO] test[0m
[2024/08/24 03:13:34.290511] [36m[INFO] test[0m
[2024/08/24 03:13:34.290678] [33m[WARN] test[0m
[2024/08/24 03:13:34.290727] [33m[WARN] test[0m
[2024/08/24 03:13:34.290896] [31m[ERROR] test[0m
[2024/08/24 03:13:34.290945] [31m[ERROR] test[0m
[2024/08/24 03:13:34.291110] [41m[CRITICAL] test[0m
[2024/08/24 03:13:34.291160] [41m[CRITICAL] test[0m
[2024/08/24 03:13:35.292765] [DEBUG] test[0m
[2024/08/24 03:13:35.292854] [DEBUG] test[0m
[2024/08/24 03:13:35.293086] [36m[INFO] test[0m
[2024/08/24 03:13:35.293147] [36m[INFO] test[0m
[2024/08/24 03:13:35.293347] [33m[WARN] test[0m
[2024/08/24 03:13:35.293404] [33m[WARN] test[0m
[2024/08/24 03:13:35.293612] [31m[ERROR] test[0m
[2024/08/24 03:13:35.293669] [31m[ERROR] test[0m
[2024/08/24 03:13:35.293861] [41m[CRITICAL] test[0m
[2024/08/24 03:13:35.293918] [41m[CRITICAL] test[0m
[2024/08/24 03:13:36.294487] [DEBUG] test[0m
[2024/08/24 03:13:36.294572] [DEBUG] test[0m
[2024/08/24 03:13:36.294803] [36m[INFO] test[0m
[2024/08/24 03:13:36.294871] [36m[INFO] test[0m
[2024/08/24 03:13:36.295079] [33m[WARN] test[0m
[2024/08/24 03:13:36.295139] [33m[WARN] test[0m
[2024/08/24 03:13:36.295294] [31m[ERROR] test[0m
[2024/08/24 03:13:36.295341] [31m[ERROR] test[0m
[2024/08/24 03:13:36.295493] [41m[CRITICAL] test[0m
[2024/08/24 03:13:36.295546] [41m[CRITICAL] test[0m
[2024/08/24 03:13:37.296999] [DEBUG] test[0m
[2024/08/24 03:13:37.297083] [DEBUG] test[0m
[2024/08/24 03:13:37.297300] [36m[INFO] test[0m
[2024/08/24 03:13:37.297359] [36m[INFO] test[0m
[2024/08/24 03:13:37.297555] [33m[WARN] test[0m
[2024/08/24 03:13:37.297613] [33m[WARN] test[0m
[2024/08/24 03:13:37.297801] [31m[ERROR] test[0m
[2024/08/24 03:13:37.297858] [31m[ERROR] test[0m
[2024/08/24 03:13:37.298042] [41m[CRITICAL] test[0m
[2024/08/24 03:13:37.298090] [41m[CRITICAL] test[0m
[2024/08/24 03:13:38.299340] [DEBUG] test[0m
[2024/08/24 03:13:38.299433] [DEBUG] test[0m
[2024/08/24 03:13:38.299649] [36m[INFO] test[0m
[2024/08/24 03:13:38.299711] [36m[INFO] test[0m
[2024/08/24 03:13:38.299909] [33m[WARN] test[0m
[2024/08/24 03:13:38.299966] [33m[WARN] test[0m
[2024/08/24 03:13:38.300166] [31m[ERROR] test[0m
[2024/08/24 03:13:38.300223] [31m[ERROR] test[0m
[2024/08/24 03:13:38.300416] [41m[CRITICAL] test[0m
[2024/08/24 03:13:38.300472] [41m[CRITICAL] test[0m
[2024/08/24 03:13:39.302025] [DEBUG] test[0m
[2024/08/24 03:13:39.302152] [DEBUG] test[0m
[2024/08/24 03:13:39.302456] [36m[INFO] test[0m
[2024/08/24 03:13:39.302524] [36m[INFO] test[0m
[2024/08/24 03:13:39.302754] [33m[WARN] test[0m
[2024/08/24 03:13:39.302817] [33m[WARN] test[0m
[2024/08/24 03:13:39.303029] [31m[ERROR] test[0m
[2024/08/24 03:13:39.303091] [31m[ERROR] test[0m
[2024/08/24 03:13:39.303297] [41m[CRITICAL] test[0m
[2024/08/24 03:13:39.303358] [41m[CRITICAL] test[0m
[2024/08/24 03:13:40.304918] [DEBUG] test[0m
[2024/08/24 03:13:40.305018] [DEBUG] test[0m
[2024/08/24 03:13:40.305280] [36m[INFO] test[0m
[2024/08/24 03:13:40.305343] [36m[INFO] test[0m
[2024/08/24 03:13:40.305553] [33m[WARN] test[0m
[2024/08/24 03:13:40.305612] [33m[WARN] test[0m
[2024/08/24 03:13:40.305790] [31m[ERROR] test[0m
[2024/08/24 03:13:40.305838] [31m[ERROR] test[0m
[2024/08/24 03:13:40.305994] [41m[CRITICAL] test[0m
[2024/08/24 03:13:40.306042] [41m[CRITICAL] test[0m
[2024/08/24 03:13:41.307559] [DEBUG] test[0m
[2024/08/24 03:13:41.307643] [DEBUG] test[0m
[2024/08/24 03:13:41.307862] [36m[INFO] test[0m
[2024/08/24 03:13:41.307922] [36m[INFO] test[0m
[2024/08/24 03:13:41.308135] [33m[WARN] test[0m
[2024/08/24 03:13:41.308194] [33m[WARN] test[0m
[2024/08/24 03:13:41.308385] [31m[ERROR] test[0m
[2024/08/24 03:13:41.308443] [31m[ERROR] test[0m
[2024/08/24 03:13:41.308634] [41m[CRITICAL] test[0m
[2024/08/24 03:13:41.308691] [41m[CRITICAL] test[0m
[2024/08/24 03:13:42.310209] [DEBUG] test[0m
[2024/08/24 03:13:42.310289] [DEBUG] test[0m
[2024/08/24 03:13:42.310504] [36m[INFO] test[0m
[2024/08/24 03:13:42.310562] [36m[INFO] test[0m
[2024/08/24 03:13:42.310757] [33m[WARN] test[0m
[2024/08/24 03:13:42.310814] [33m[WARN] test[0m
[2024/08/24 03:13:42.311001] [31m[ERROR] test[0m
[2024/08/24 03:13:42.311059] [31m[ERROR] test[0m
[2024/08/24 03:13:42.311244] [41m[CRITICAL] test[0m
[2024/08/24 03:13:42.311300] [41m[CRITICAL] test[0m
[2024/08/24 03:13:43.312911] [DEBUG] test[0m
[2024/08/24 03:13:43.313023] [DEBUG] test[0m
[2024/08/24 03:13:43.313328] [36m[INFO] test[0m
[2024/08/24 03:13:43.313412] [36m[INFO] test[0m
[2024/08/24 03:13:43.313631] [33m[WARN] test[0m
[2024/08/24 03:13:43.313691] [33m[WARN] test[0m
[2024/08/24 03:13:43.313885] [31m[ERROR] test[0m
[2024/08/24 03:13:43.313945] [31m[ERROR] test[0m
[2024/08/24 03:13:43.314176] [41m[CRITICAL] test[0m
[2024/08/24 03:13:43.314237] [41m[CRITICAL] test[0m
[2024/08/24 03:13:44.315781] [DEBUG] test[0m
[2024/08/24 03:13:44.315868] [DEBUG] test[0m
[2024/08/24 03:13:44.316082] [36m[INFO] test[0m
[2024/08/24 03:13:44.316141] [36m[INFO] test[0m
[2024/08/24 03:13:44.316320] [33m[WARN] test[0m
[2024/08/24 03:13:44.316367] [33m[WARN] test[0m
[2024/08/24 03:13:44.316517] [31m[ERROR] test[0m
[2024/08/24 03:13:44.316564] [31m[ERROR] test[0m
[2024/08/24 03:13:44.316714] [41m[CRITICAL] test[0m
[2024/08/24 03:13:44.316760] [41m[CRITICAL] test[0m
[2024/08/24 03:13:45.318384] [DEBUG] test[0m
[2024/08/24 03:13:45.318508] [DEBUG] test[0m
[2024/08/24 03:13:45.318889] [36m[INFO] test[0m
[2024/08/24 03:13:45.318989] [36m[INFO] test[0m
[2024/08/24 03:13:45.319343] [33m[WARN] test[0m
[2024/08/24 03:13:45.319438] [33m[WARN] test[0m
[2024/08/24 03:13:45.319784] [31m[ERROR] test[0m
[2024/08/24 03:13:45.319879] [31m[ERROR] test[0m
[2024/08/24 03:13:45.320218] [41m[CRITICAL] test[0m
[2024/08/24 03:13:45.320314] [41m[CRITICAL] test[0m
[2024/08/24 03:13:46.321959] [DEBUG] test[0m
[2024/08/24 03:13:46.322055] [DEBUG] test[0m
[2024/08/24 03:13:46.322361] [36m[INFO] test[0m
[2024/08/24 03:13:46.322438] [36m[INFO] test[0m
[2024/08/24 03:13:46.322702] [33m[WARN] test[0m
[2024/08/24 03:13:46.322773] [33m[WARN] test[0m
[2024/08/24 03:13:46.323032] [31m[ERROR] test[0m
[2024/08/24 03:13:46.323100] [31m[ERROR] test[0m
[2024/08/24 03:13:46.323299] [41m[CRITICAL] test[0m
[2024/08/24 03:13:46.323357] [41m[CRITICAL] test[0m
[2024/08/24 03:13:47.324879] [DEBUG] test[0m
[2024/08/24 03:13:47.324963] [DEBUG] test[0m
[2024/08/24 03:13:47.325182] [36m[INFO] test[0m
[2024/08/24 03:13:47.325244] [36m[INFO] test[0m
[2024/08/24 03:13:47.325442] [33m[WARN] test[0m
[2024/08/24 03:13:47.325500] [33m[WARN] test[0m
[2024/08/24 03:13:47.325693] [31m[ERROR] test[0m
[2024/08/24 03:13:47.325750] [31m[ERROR] test[0m
[2024/08/24 03:13:47.325942] [41m[CRITICAL] test[0m
[2024/08/24 03:13:47.325999] [41m[CRITICAL] test[0m
[2024/08/24 03:13:48.327576] [DEBUG] test[0m
[2024/08/24 03:13:48.327671] [DEBUG] test[0m
[2024/08/24 03:13:48.327916] [36m[INFO] test[0m
[2024/08/24 03:13:48.327993] [36m[INFO] test[0m
[2024/08/24 03:13:48.328227] [33m[WARN] test[0m
[2024/08/24 03:13:48.328304] [33m[WARN] test[0m
[2024/08/24 03:13:48.328540] [31m[ERROR] test[0m
[2024/08/24 03:13:48.328608] [31m[ERROR] test[0m
[2024/08/24 03:13:48.328840] [41m[CRITICAL] test[0m
[2024/08/24 03:13:48.328908] [41m[CRITICAL] test[0m
[2024/08/24 03:13:49.330470] [DEBUG] test[0m
[2024/08/24 03:13:49.330561] [DEBUG] test[0m
[2024/08/24 03:13:49.330795] [36m[INFO] test[0m
[2024/08/24 03:13:49.330845] [36m[INFO] test[0m
[2024/08/24 03:13:49.331013] [33m[WARN] test[0m
[2024/08/24 03:13:49.331062] [33m[WARN] test[0m
[2024/08/24 03:13:49.331268] [31m[ERROR] test[0m
[2024/08/24 03:13:49.331335] [31m[ERROR] test[0m
[2024/08/24 03:13:49.331499] [41m[CRITICAL] test[0m
[2024/08/24 03:13:49.331548] [41m[CRITICAL] test[0m
[2024/08/24 03:13:50.333038] [DEBUG] test[0m
[2024/08/24 03:13:50.333128] [DEBUG] test[0m
[2024/08/24 03:13:50.333372] [36m[INFO] test[0m
[2024/08/24 03:13:50.333432] [36m[INFO] test[0m
[2024/08/24 03:13:50.333636] [33m[WARN] test[0m
[2024/08/24 03:13:50.333694] [33m[WARN] test[0m
[2024/08/24 03:13:50.333888] [31m[ERROR] test[0m
[2024/08/24 03:13:50.333946] [31m[ERROR] test[0m
[2024/08/24 03:13:50.334157] [41m[CRITICAL] test[0m
[2024/08/24 03:13:50.334216] [41m[CRITICAL] test[0m
[2024/08/24 03:13:51.335726] [DEBUG] test[0m
[2024/08/24 03:13:51.335819] [DEBUG] test[0m
[2024/08/24 03:13:51.336165] [36m[INFO] test[0m
[2024/08/24 03:13:51.336229] [36m[INFO] test[0m
[2024/08/24 03:13:51.336438] [33m[WARN] test[0m
[2024/08/24 03:13:51.336498] [33m[WARN] test[0m
[2024/08/24 03:13:51.336698] [31m[ERROR] test[0m
[2024/08/24 03:13:51.336755] [31m[ERROR] test[0m
[2024/08/24 03:13:51.336952] [41m[CRITICAL] test[0m
[2024/08/24 03:13:51.337023] [41m[CRITICAL] test[0m
[2024/08/24 03:13:52.338524] [DEBUG] test[0m
[2024/08/24 03:13:52.338608] [DEBUG] test[0m
[2024/08/24 03:13:52.338819] [36m[INFO] test[0m
[2024/08/24 03:13:52.338878] [36m[INFO] test[0m
[2024/08/24 03:13:52.339077] [33m[WARN] test[0m
[2024/08/24 03:13:52.339133] [33m[WARN] test[0m
[2024/08/24 03:13:52.339323] [31m[ERROR] test[0m
[2024/08/24 03:13:52.339378] [31m[ERROR] test[0m
[2024/08/24 03:13:52.339565] [41m[CRITICAL] test[0m
[2024/08/24 03:13:52.339621] [41m[CRITICAL] test[0m
[2024/08/24 03:13:53.341128] [DEBUG] test[0m
[2024/08/24 03:13:53.341214] [DEBUG] test[0m
[2024/08/24 03:13:53.341438] [36m[INFO] test[0m
[2024/08/24 03:13:53.341513] [36m[INFO] test[0m
[2024/08/24 03:13:53.341682] [33m[WARN] test[0m
[2024/08/24 03:13:53.341731] [33m[WARN] test[0m
[2024/08/24 03:13:53.341887] [31m[ERROR] test[0m
[2024/08/24 03:13:53.341935] [31m[ERROR] test[0m
[2024/08/24 03:13:53.342091] [41m[CRITICAL] test[0m
[2024/08/24 03:13:53.342154] [41m[CRITICAL] test[0m
[2024/08/24 03:13:54.343652] [DEBUG] test[0m
[2024/08/24 03:13:54.343735] [DEBUG] test[0m
[2024/08/24 03:13:54.343984] [36m[INFO] test[0m
[2024/08/24 03:13:54.344065] [36m[INFO] test[0m
[2024/08/24 03:13:54.344282] [33m[WARN] test[0m
[2024/08/24 03:13:54.344341] [33m[WARN] test[0m
[2024/08/24 03:13:54.344532] [31m[ERROR] test[0m
[2024/08/24 03:13:54.344595] [31m[ERROR] test[0m
[2024/08/24 03:13:54.344779] [41m[CRITICAL] test[0m
[2024/08/24 03:13:54.344847] [41m[CRITICAL] test[0m
[2024/08/24 03:13:55.346388] [DEBUG] test[0m
[2024/08/24 03:13:55.346497] [DEBUG] test[0m
[2024/08/24 03:13:55.346727] [36m[INFO] test[0m
[2024/08/24 03:13:55.346818] [36m[INFO] test[0m
[2024/08/24 03:13:55.347059] [33m[WARN] test[0m
[2024/08/24 03:13:55.347120] [33m[WARN] test[0m
[2024/08/24 03:13:55.347317] [31m[ERROR] test[0m
[2024/08/24 03:13:55.347378] [31m[ERROR] test[0m
[2024/08/24 03:13:55.347571] [41m[CRITICAL] test[0m
[2024/08/24 03:13:55.347630] [41m[CRITICAL] test[0m
[2024/08/24 03:13:56.349174] [DEBUG] test[0m
[2024/08/24 03:13:56.349281] [DEBUG] test[0m
[2024/08/24 03:13:56.349596] [36m[INFO] test[0m
[2024/08/24 03:13:56.349674] [36m[INFO] test[0m
[2024/08/24 03:13:56.349934] [33m[WARN] test[0m
[2024/08/24 03:13:56.350009] [33m[WARN] test[0m
[2024/08/24 03:13:56.350281] [31m[ERROR] test[0m
[2024/08/24 03:13:56.350357] [31m[ERROR] test[0m
[2024/08/24 03:13:56.350608] [41m[CRITICAL] test[0m
[2024/08/24 03:13:56.350683] [41m[CRITICAL] test[0m
[2024/08/24 03:13:57.352272] [DEBUG] test[0m
[2024/08/24 03:13:57.352372] [DEBUG] test[0m
[2024/08/24 03:13:57.352715] [36m[INFO] test[0m
[2024/08/24 03:13:57.352813] [36m[INFO] test[0m
[2024/08/24 03:13:57.353077] [33m[WARN] test[0m
[2024/08/24 03:13:57.353149] [33m[WARN] test[0m
[2024/08/24 03:13:57.353394] [31m[ERROR] test[0m
[2024/08/24 03:13:57.353464] [31m[ERROR] test[0m
[2024/08/24 03:13:57.353705] [41m[CRITICAL] test[0m
[2024/08/24 03:13:57.353775] [41m[CRITICAL] test[0m
[2024/08/24 03:13:58.355347] [DEBUG] test[0m
[2024/08/24 03:13:58.355435] [DEBUG] test[0m
[2024/08/24 03:13:58.355675] [36m[INFO] test[0m
[2024/08/24 03:13:58.355742] [36m[INFO] test[0m
[2024/08/24 03:13:58.355960] [33m[WARN] test[0m
[2024/08/24 03:13:58.356025] [33m[WARN] test[0m
[2024/08/24 03:13:58.356239] [31m[ERROR] test[0m
[2024/08/24 03:13:58.356304] [31m[ERROR] test[0m
[2024/08/24 03:13:58.356519] [41m[CRITICAL] test[0m
[2024/08/24 03:13:58.356584] [41m[CRITICAL] test[0m
[2024/08/24 03:13:59.358084] [DEBUG] test[0m
[2024/08/24 03:13:59.358184] [DEBUG] test[0m
[2024/08/24 03:13:59.358386] [36m[INFO] test[0m
[2024/08/24 03:13:59.358436] [36m[INFO] test[0m
[2024/08/24 03:13:59.358606] [33m[WARN] test[0m
[2024/08/24 03:13:59.358662] [33m[WARN] test[0m
[2024/08/24 03:13:59.358825] [31m[ERROR] test[0m
[2024/08/24 03:13:59.358882] [31m[ERROR] test[0m
[2024/08/24 03:13:59.359038] [41m[CRITICAL] test[0m
[2024/08/24 03:13:59.359095] [41m[CRITICAL] test[0m
[2024/08/24 03:14:00.360607] [DEBUG] test[0m
[2024/08/24 03:14:00.360699] [DEBUG] test[0m
[2024/08/24 03:14:00.360924] [36m[INFO] test[0m
[2024/08/24 03:14:00.360985] [36m[INFO] test[0m
[2024/08/24 03:14:00.361185] [33m[WARN] test[0m
[2024/08/24 03:14:00.361243] [33m[WARN] test[0m
[2024/08/24 03:14:00.361441] [31m[ERROR] test[0m
[2024/08/24 03:14:00.361498] [31m[ERROR] test[0m
[2024/08/24 03:14:00.361659] [41m[CRITICAL] test[0m
[2024/08/24 03:14:00.361707] [41m[CRITICAL] test[0m
[2024/08/24 03:14:01.363168] [DEBUG] test[0m
[2024/08/24 03:14:01.363253] [DEBUG] test[0m
[2024/08/24 03:14:01.363477] [36m[INFO] test[0m
[2024/08/24 03:14:01.363552] [36m[INFO] test[0m
[2024/08/24 03:14:01.363803] [33m[WARN] test[0m
[2024/08/24 03:14:01.363874] [33m[WARN] test[0m
[2024/08/24 03:14:01.364116] [31m[ERROR] test[0m
[2024/08/24 03:14:01.364187] [31m[ERROR] test[0m
[2024/08/24 03:14:01.364426] [41m[CRITICAL] test[0m
[2024/08/24 03:14:01.364495] [41m[CRITICAL] test[0m
[2024/08/24 03:14:02.366063] [DEBUG] test[0m
[2024/08/24 03:14:02.366169] [DEBUG] test[0m
[2024/08/24 03:14:02.366394] [36m[INFO] test[0m
[2024/08/24 03:14:02.366461] [36m[INFO] test[0m
[2024/08/24 03:14:02.366676] [33m[WARN] test[0m
[2024/08/24 03:14:02.366728] [33m[WARN] test[0m
[2024/08/24 03:14:02.366890] [31m[ERROR] test[0m
[2024/08/24 03:14:02.366945] [31m[ERROR] test[0m
[2024/08/24 03:14:02.367104] [41m[CRITICAL] test[0m
[2024/08/24 03:14:02.367159] [41m[CRITICAL] test[0m
[2024/08/24 03:14:03.368671] [DEBUG] test[0m
[2024/08/24 03:14:03.368756] [DEBUG] test[0m
[2024/08/24 03:14:03.368997] [36m[INFO] test[0m
[2024/08/24 03:14:03.369086] [36m[INFO] test[0m
[2024/08/24 03:14:03.369289] [33m[WARN] test[0m
[2024/08/24 03:14:03.369346] [33m[WARN] test[0m
[2024/08/24 03:14:03.369539] [31m[ERROR] test[0m
[2024/08/24 03:14:03.369595] [31m[ERROR] test[0m
[2024/08/24 03:14:03.369781] [41m[CRITICAL] test[0m
[2024/08/24 03:14:03.369836] [41m[CRITICAL] test[0m
[2024/08/24 03:14:04.371440] [DEBUG] test[0m
[2024/08/24 03:14:04.371561] [DEBUG] test[0m
[2024/08/24 03:14:04.371923] [36m[INFO] test[0m
[2024/08/24 03:14:04.372017] [36m[INFO] test[0m
[2024/08/24 03:14:04.372339] [33m[WARN] test[0m
[2024/08/24 03:14:04.372429] [33m[WARN] test[0m
[2024/08/24 03:14:04.372728] [31m[ERROR] test[0m
[2024/08/24 03:14:04.372816] [31m[ERROR] test[0m
[2024/08/24 03:14:04.373119] [41m[CRITICAL] test[0m
[2024/08/24 03:14:04.373205] [41m[CRITICAL] test[0m
[2024/08/24 03:14:05.374767] [DEBUG] test[0m
[2024/08/24 03:14:05.374853] [DEBUG] test[0m
[2024/08/24 03:14:05.375068] [36m[INFO] test[0m
[2024/08/24 03:14:05.375131] [36m[INFO] test[0m
[2024/08/24 03:14:05.375379] [33m[WARN] test[0m
[2024/08/24 03:14:05.375473] [33m[WARN] test[0m
[2024/08/24 03:14:05.375726] [31m[ERROR] test[0m
[2024/08/24 03:14:05.375784] [31m[ERROR] test[0m
[2024/08/24 03:14:05.375972] [41m[CRITICAL] test[0m
[2024/08/24 03:14:05.376029] [41m[CRITICAL] test[0m
[2024/08/24 03:14:06.377550] [DEBUG] test[0m
[2024/08/24 03:14:06.377656] [DEBUG] test[0m
[2024/08/24 03:14:06.377945] [36m[INFO] test[0m
[2024/08/24 03:14:06.378010] [36m[INFO] test[0m
[2024/08/24 03:14:06.378234] [33m[WARN] test[0m
[2024/08/24 03:14:06.378296] [33m[WARN] test[0m
[2024/08/24 03:14:06.378497] [31m[ERROR] test[0m
[2024/08/24 03:14:06.378555] [31m[ERROR] test[0m
[2024/08/24 03:14:06.378752] [41m[CRITICAL] test[0m
[2024/08/24 03:14:06.378810] [41m[CRITICAL] test[0m
[2024/08/24 03:14:07.380403] [DEBUG] test[0m
[2024/08/24 03:14:07.380500] [DEBUG] test[0m
[2024/08/24 03:14:07.380767] [36m[INFO] test[0m
[2024/08/24 03:14:07.380838] [36m[INFO] test[0m
[2024/08/24 03:14:07.381065] [33m[WARN] test[0m
[2024/08/24 03:14:07.381131] [33m[WARN] test[0m
[2024/08/24 03:14:07.381360] [31m[ERROR] test[0m
[2024/08/24 03:14:07.381426] [31m[ERROR] test[0m
[2024/08/24 03:14:07.381649] [41m[CRITICAL] test[0m
[2024/08/24 03:14:07.381715] [41m[CRITICAL] test[0m
[2024/08/24 03:14:08.382533] [DEBUG] test[0m
[2024/08/24 03:14:08.382638] [DEBUG] test[0m
[2024/08/24 03:14:08.382970] [36m[INFO] test[0m
[2024/08/24 03:14:08.383058] [36m[INFO] test[0m
[2024/08/24 03:14:08.383313] [33m[WARN] test[0m
[2024/08/24 03:14:08.383386] [33m[WARN] test[0m
[2024/08/24 03:14:08.383637] [31m[ERROR] test[0m
[2024/08/24 03:14:08.383710] [31m[ERROR] test[0m
[2024/08/24 03:14:08.383964] [41m[CRITICAL] test[0m
[2024/08/24 03:14:08.384038] [41m[CRITICAL] test[0m
[2024/08/24 03:14:09.385557] [DEBUG] test[0m
[2024/08/24 03:14:09.385644] [DEBUG] test[0m
[2024/08/24 03:14:09.385879] [36m[INFO] test[0m
[2024/08/24 03:14:09.385979] [36m[INFO] test[0m
[2024/08/24 03:14:09.386198] [33m[WARN] test[0m
[2024/08/24 03:14:09.386259] [33m[WARN] test[0m
[2024/08/24 03:14:09.386451] [31m[ERROR] test[0m
[2024/08/24 03:14:09.386508] [31m[ERROR] test[0m
[2024/08/24 03:14:09.386698] [41m[CRITICAL] test[0m
[2024/08/24 03:14:09.386755] [41m[CRITICAL] test[0m
[2024/08/24 03:14:10.388272] [DEBUG] test[0m
[2024/08/24 03:14:10.388356] [DEBUG] test[0m
[2024/08/24 03:14:10.388604] [36m[INFO] test[0m
[2024/08/24 03:14:10.388691] [36m[INFO] test[0m
[2024/08/24 03:14:10.388899] [33m[WARN] test[0m
[2024/08/24 03:14:10.388955] [33m[WARN] test[0m
[2024/08/24 03:14:10.389145] [31m[ERROR] test[0m
[2024/08/24 03:14:10.389206] [31m[ERROR] test[0m
[2024/08/24 03:14:10.389388] [41m[CRITICAL] test[0m
[2024/08/24 03:14:10.389449] [41m[CRITICAL] test[0m
[2024/08/24 03:14:11.390747] [DEBUG] test[0m
[2024/08/24 03:14:11.390832] [DEBUG] test[0m
[2024/08/24 03:14:11.391072] [36m[INFO] test[0m
[2024/08/24 03:14:11.391161] [36m[INFO] test[0m
[2024/08/24 03:14:11.391382] [33m[WARN] test[0m
[2024/08/24 03:14:11.391439] [33m[WARN] test[0m
[2024/08/24 03:14:11.391639] [31m[ERROR] test[0m
[2024/08/24 03:14:11.391696] [31m[ERROR] test[0m
[2024/08/24 03:14:11.391900] [41m[CRITICAL] test[0m
[2024/08/24 03:14:11.391957] [41m[CRITICAL] test[0m
[2024/08/24 03:14:12.393454] [DEBUG] test[0m
[2024/08/24 03:14:12.393548] [DEBUG] test[0m
[2024/08/24 03:14:12.393848] [36m[INFO] test[0m
[2024/08/24 03:14:12.393925] [36m[INFO] test[0m
[2024/08/24 03:14:12.394158] [33m[WARN] test[0m
[2024/08/24 03:14:12.394229] [33m[WARN] test[0m
[2024/08/24 03:14:12.394412] [31m[ERROR] test[0m
[2024/08/24 03:14:12.394466] [31m[ERROR] test[0m
[2024/08/24 03:14:12.394630] [41m[CRITICAL] test[0m
[2024/08/24 03:14:12.394681] [41m[CRITICAL] test[0m
[2024/08/24 03:14:13.396280] [DEBUG] test[0m
[2024/08/24 03:14:13.396402] [DEBUG] test[0m
[2024/08/24 03:14:13.396747] [36m[INFO] test[0m
[2024/08/24 03:14:13.396859] [36m[INFO] test[0m
[2024/08/24 03:14:13.397187] [33m[WARN] test[0m
[2024/08/24 03:14:13.397282] [33m[WARN] test[0m
[2024/08/24 03:14:13.397607] [31m[ERROR] test[0m
[2024/08/24 03:14:13.397700] [31m[ERROR] test[0m
[2024/08/24 03:14:13.398024] [41m[CRITICAL] test[0m
[2024/08/24 03:14:13.398137] [41m[CRITICAL] test[0m
[2024/08/24 03:14:14.399745] [DEBUG] test[0m
[2024/08/24 03:14:14.399836] [DEBUG] test[0m
[2024/08/24 03:14:14.400108] [36m[INFO] test[0m
[2024/08/24 03:14:14.400181] [36m[INFO] test[0m
[2024/08/24 03:14:14.400435] [33m[WARN] test[0m
[2024/08/24 03:14:14.400506] [33m[WARN] test[0m
[2024/08/24 03:14:14.400748] [31m[ERROR] test[0m
[2024/08/24 03:14:14.400818] [31m[ERROR] test[0m
[2024/08/24 03:14:14.401058] [41m[CRITICAL] test[0m
[2024/08/24 03:14:14.401121] [41m[CRITICAL] test[0m
[2024/08/24 03:14:15.402636] [DEBUG] test[0m
[2024/08/24 03:14:15.402729] [DEBUG] test[0m
[2024/08/24 03:14:15.402991] [36m[INFO] test[0m
[2024/08/24 03:14:15.403065] [36m[INFO] test[0m
[2024/08/24 03:14:15.403318] [33m[WARN] test[0m
[2024/08/24 03:14:15.403390] [33m[WARN] test[0m
[2024/08/24 03:14:15.403633] [31m[ERROR] test[0m
[2024/08/24 03:14:15.403703] [31m[ERROR] test[0m
[2024/08/24 03:14:15.403948] [41m[CRITICAL] test[0m
[2024/08/24 03:14:15.404018] [41m[CRITICAL] test[0m
[2024/08/24 03:14:16.405559] [DEBUG] test[0m
[2024/08/24 03:14:16.405660] [DEBUG] test[0m
[2024/08/24 03:14:16.405940] [36m[INFO] test[0m
[2024/08/24 03:14:16.406017] [36m[INFO] test[0m
[2024/08/24 03:14:16.406305] [33m[WARN] test[0m
[2024/08/24 03:14:16.406384] [33m[WARN] test[0m
[2024/08/24 03:14:16.406639] [31m[ERROR] test[0m
[2024/08/24 03:14:16.406715] [31m[ERROR] test[0m
[2024/08/24 03:14:16.406969] [41m[CRITICAL] test[0m
[2024/08/24 03:14:16.407045] [41m[CRITICAL] test[0m
[2024/08/24 03:16:44.756972] [DEBUG] test[0m
[2024/08/24 03:16:44.757206] [36m[INFO] test[0m
[2024/08/24 03:16:44.757408] [33m[WARN] test[0m
[2024/08/24 03:16:44.757609] [31m[ERROR] test[0m
[2024/08/24 03:16:44.757797] [41m[CRITICAL] test[0m
[2024/08/24 03:16:45.758541] [DEBUG] test[0m
[2024/08/24 03:16:45.758779] [36m[INFO] test[0m
[2024/08/24 03:16:45.758980] [33m[WARN] test[0m
[2024/08/24 03:16:45.759153] [31m[ERROR] test[0m
[2024/08/24 03:16:45.759302] [41m[CRITICAL] test[0m
[2024/08/24 03:16:46.760779] [DEBUG] test[0m
[2024/08/24 03:16:46.761025] [36m[INFO] test[0m
[2024/08/24 03:16:46.761189] [33m[WARN] test[0m
[2024/08/24 03:16:46.761336] [31m[ERROR] test[0m
[2024/08/24 03:16:46.761478] [41m[CRITICAL] test[0m
[2024/08/24 03:16:47.762940] [DEBUG] test[0m
[2024/08/24 03:16:47.763181] [36m[INFO] test[0m
[2024/08/24 03:16:47.763391] [33m[WARN] test[0m
[2024/08/24 03:16:47.763576] [31m[ERROR] test[0m
[2024/08/24 03:16:47.763762] [41m[CRITICAL] test[0m
[2024/08/24 03:16:48.765218] [DEBUG] test[0m
[2024/08/24 03:16:48.765450] [36m[INFO] test[0m
[2024/08/24 03:16:48.765648] [33m[WARN] test[0m
[2024/08/24 03:16:48.765842] [31m[ERROR] test[0m
[2024/08/24 03:16:48.766031] [41m[CRITICAL] test[0m
[2024/08/24 03:16:49.767501] [DEBUG] test[0m
[2024/08/24 03:16:49.767746] [36m[INFO] test[0m
[2024/08/24 03:16:49.767908] [33m[WARN] test[0m
[2024/08/24 03:16:49.768063] [31m[ERROR] test[0m
[2024/08/24 03:16:49.768220] [41m[CRITICAL] test[0m
[2024/08/24 03:16:50.769806] [DEBUG] test[0m
[2024/08/24 03:16:50.770201] [36m[INFO] test[0m
[2024/08/24 03:16:50.770516] [33m[WARN] test[0m
[2024/08/24 03:16:50.770815] [31m[ERROR] test[0m
[2024/08/24 03:16:50.771111] [41m[CRITICAL] test[0m
[2024/08/24 03:16:51.772803] [DEBUG] test[0m
[2024/08/24 03:16:51.773160] [36m[INFO] test[0m
[2024/08/24 03:16:51.773480] [33m[WARN] test[0m
[2024/08/24 03:16:51.773783] [31m[ERROR] test[0m
[2024/08/24 03:16:51.774076] [41m[CRITICAL] test[0m
[2024/08/24 03:16:52.775784] [DEBUG] test[0m
[2024/08/24 03:16:52.776138] [36m[INFO] test[0m
[2024/08/24 03:16:52.776474] [33m[WARN] test[0m
[2024/08/24 03:16:52.776788] [31m[ERROR] test[0m
[2024/08/24 03:16:52.777098] [41m[CRITICAL] test[0m
[2024/08/24 03:16:53.778480] [DEBUG] test[0m
[2024/08/24 03:16:53.778733] [36m[INFO] test[0m
[2024/08/24 03:16:53.778974] [33m[WARN] test[0m
[2024/08/24 03:16:53.779197] [31m[ERROR] test[0m
[2024/08/24 03:16:53.779375] [41m[CRITICAL] test[0m
[2024/08/24 03:16:54.780980] [DEBUG] test[0m
[2024/08/24 03:16:54.781404] [36m[INFO] test[0m
[2024/08/24 03:16:54.781748] [33m[WARN] test[0m
[2024/08/24 03:16:54.782047] [31m[ERROR] test[0m
[2024/08/24 03:16:54.782415] [41m[CRITICAL] test[0m
[2024/08/24 03:16:55.784010] [DEBUG] test[0m
[2024/08/24 03:16:55.784775] [36m[INFO] test[0m
[2024/08/24 03:16:55.785232] [33m[WARN] test[0m
[2024/08/24 03:16:55.785681] [31m[ERROR] test[0m
[2024/08/24 03:16:55.786135] [41m[CRITICAL] test[0m
[2024/08/24 03:16:56.787749] [DEBUG] test[0m
[2024/08/24 03:16:56.788089] [36m[INFO] test[0m
[2024/08/24 03:16:56.788395] [33m[WARN] test[0m
[2024/08/24 03:16:56.788688] [31m[ERROR] test[0m
[2024/08/24 03:16:56.788979] [41m[CRITICAL] test[0m
[2024/08/24 03:17:30.298360] [DEBUG] test[0m
[2024/08/24 03:17:30.298610] [36m[INFO] test[0m
[2024/08/24 03:17:30.298807] [33m[WARN] test[0m
[2024/08/24 03:17:30.298986] [31m[ERROR] test[0m
[2024/08/24 03:17:30.299164] [41m[CRITICAL] test[0m
[2024/08/24 03:17:30.299313] [31m[DEBUG] test[0m
[2024/08/24 03:17:30.299458] [41m[33m[CRITICAL] test[0m
[2024/08/24 03:18:07.872851] [DEBUG] test[0m
[2024/08/24 03:18:07.873078] [36m[INFO] test[0m
[2024/08/24 03:18:07.873261] [33m[WARN] test[0m
[2024/08/24 03:18:07.873441] [31m[ERROR] test[0m
[2024/08/24 03:18:07.873629] [41m[CRITICAL] test[0m
[2024/08/24 03:18:07.873775] [31m[DEBUG] test[0m
[2024/08/24 03:18:07.873919] [41m[33m[CRITICAL] test[0m
[2024/08/24 03:18:08.874589] [DEBUG] test[0m
[2024/08/24 03:18:08.874826] [36m[INFO] test[0m
[2024/08/24 03:18:08.875013] [33m[WARN] test[0m
[2024/08/24 03:18:08.875171] [31m[ERROR] test[0m
[2024/08/24 03:18:08.875315] [41m[CRITICAL] test[0m
[2024/08/24 03:18:08.875456] [31m[DEBUG] test[0m
[2024/08/24 03:18:08.875597] [41m[33m[CRITICAL] test[0m
[2024/08/24 03:18:09.877123] [DEBUG] test[0m
[2024/08/24 03:18:09.877305] [36m[INFO] test[0m
[2024/08/24 03:18:09.877452] [33m[WARN] test[0m
[2024/08/24 03:18:09.877593] [31m[ERROR] test[0m
[2024/08/24 03:18:09.877732] [41m[CRITICAL] test[0m
[2024/08/24 03:18:09.877869] [31m[DEBUG] test[0m
[2024/08/24 03:18:09.878004] [41m[33m[CRITICAL] test[0m
[2024/08/24 03:18:10.879474] [DEBUG] test[0m
[2024/08/24 03:18:10.879704] [36m[INFO] test[0m
[2024/08/24 03:18:10.879891] [33m[WARN] test[0m
[2024/08/24 03:18:10.880051] [31m[ERROR] test[0m
[2024/08/24 03:18:10.880199] [41m[CRITICAL] test[0m
[2024/08/24 03:18:10.880334] [31m[DEBUG] test[0m
[2024/08/24 03:18:10.880470] [41m[33m[CRITICAL] test[0m
[2024/08/24 03:18:11.881972] [DEBUG] test[0m
[2024/08/24 03:18:11.882247] [36m[INFO] test[0m
[2024/08/24 03:18:11.882468] [33m[WARN] test[0m
[2024/08/24 03:18:11.882677] [31m[ERROR] test[0m
[2024/08/24 03:18:11.882889] [41m[CRITICAL] test[0m
[2024/08/24 03:18:11.883097] [31m[DEBUG] test[0m
[2024/08/24 03:18:11.883304] [41m[33m[CRITICAL] test[0m
[2024/08/24 03:20:10.486571] [DEBUG] test[0m
[2024/08/24 03:20:10.486819] [36m[INFO] test[0m
[2024/08/24 03:20:10.487023] [33m[WARN] test[0m
[2024/08/24 03:20:10.487221] [31m[ERROR] test[0m
[2024/08/24 03:20:10.487415] [41m[CRITICAL] test[0m
[2024/08/24 03:20:10.487574] [31m[DEBUG] test[0m
[2024/08/24 03:20:10.487728] [41m[33m[CRITICAL] test[0m
[2024/08/24 03:20:11.489503] [DEBUG] test[0m
[2024/08/24 03:20:11.489841] [36m[INFO] test[0m
[2024/08/24 03:20:11.489999] [33m[WARN] test[0m
[2024/08/24 03:20:11.490144] [31m[ERROR] test[0m
[2024/08/24 03:20:11.490290] [41m[CRITICAL] test[0m
[2024/08/24 03:20:11.490422] [31m[DEBUG] test[0m
[2024/08/24 03:20:11.490553] [41m[33m[CRITICAL] test[0m
[2024/08/24 03:20:12.492013] [DEBUG] test[0m
[2024/08/24 03:20:12.492223] [36m[INFO] test[0m
[2024/08/24 03:20:12.492409] [33m[WARN] test[0m
[2024/08/24 03:20:12.492573] [31m[ERROR] test[0m
[2024/08/24 03:20:12.492734] [41m[CRITICAL] test[0m
[2024/08/24 03:20:12.492865] [31m[DEBUG] test[0m
[2024/08/24 03:20:12.492996] [41m[33m[CRITICAL] test[0m
[2024/08/24 03:20:13.494528] [DEBUG] test[0m
[2024/08/24 03:20:13.494741] [36m[INFO] test[0m
[2024/08/24 03:20:13.494882] [33m[WARN] test[0m
[2024/08/24 03:20:13.495013] [31m[ERROR] test[0m
[2024/08/24 03:20:13.495144] [41m[CRITICAL] test[0m
[2024/08/24 03:20:13.495273] [31m[DEBUG] test[0m
[2024/08/24 03:20:13.495399] [41m[33m[CRITICAL] test[0m
[2024/08/24 03:20:14.496944] [DEBUG] test[0m
[2024/08/24 03:20:14.497214] [36m[INFO] test[0m
[2024/08/24 03:20:14.497442] [33m[WARN] test[0m
[2024/08/24 03:20:14.497664] [31m[ERROR] test[0m
[2024/08/24 03:20:14.497880] [41m[CRITICAL] test[0m
[2024/08/24 03:20:14.498093] [31m[DEBUG] test[0m
[2024/08/24 03:20:14.498366] [41m[33m[CRITICAL] test[0m
[2024/08/24 03:20:15.500027] [DEBUG] test[0m
[2024/08/24 03:20:15.500378] [36m[INFO] test[0m
[2024/08/24 03:20:15.500668] [33m[WARN] test[0m
[2024/08/24 03:20:15.500943] [31m[ERROR] test[0m
[2024/08/24 03:20:15.501220] [41m[CRITICAL] test[0m
[2024/08/24 03:20:15.501494] [31m[DEBUG] test[0m
[2024/08/24 03:20:15.501768] [41m[33m[CRITICAL] test[0m
[2024/08/24 03:22:07.452304] [33m[WARN] Async logging mode on. Timestamp of log can be not accurate...[0m
[2024/08/24 03:25:18.170053] [33m[WARN] Async logging mode on. Timestamp of log can be not accurate...[0m
[2024/08/24 03:25:18.170395] [DEBUG] test[0m
[2024/08/24 03:25:18.170688] [36m[INFO] test[0m
[2024/08/24 03:25:18.170942] [33m[WARN] test[0m
[2024/08/24 03:25:18.171200] [31m[ERROR] test[0m
[2024/08/24 03:25:18.171465] [41m[CRITICAL] test[0m
[2024/08/24 03:25:18.171699] [31m[DEBUG] test[0m
[2024/08/24 03:25:18.171916] [41m[33m[CRITICAL] test[0m
[2024/08/24 03:25:19.173720] [DEBUG] test[0m
[2024/08/24 03:25:19.174159] [36m[INFO] test[0m
[2024/08/24 03:25:19.174417] [33m[WARN] test[0m
[2024/08/24 03:25:19.174574] [31m[ERROR] test[0m
[2024/08/24 03:25:19.174737] [41m[CRITICAL] test[0m
[2024/08/24 03:25:19.174905] [31m[DEBUG] test[0m
[2024/08/24 03:25:19.175070] [41m[33m[CRITICAL] test[0m
[2024/08/24 03:25:20.176789] [DEBUG] test[0m
[2024/08/24 03:25:20.177002] [36m[INFO] test[0m
[2024/08/24 03:25:20.177241] [33m[WARN] test[0m
[2024/08/24 03:25:20.177421] [31m[ERROR] test[0m
[2024/08/24 03:25:20.177584] [41m[CRITICAL] test[0m
[2024/08/24 03:25:20.177753] [31m[DEBUG] test[0m
[2024/08/24 03:25:20.177913] [41m[33m[CRITICAL] test[0m
[2024/08/24 03:26:35.054414] [33m[WARN] Async logging mode on. Timestamp of log can be not accurate...[0m
[2024/08/24 03:26:35.054729] [DEBUG] test[0m
[2024/08/24 03:26:35.054985] [36m[INFO] test[0m
[2024/08/24 03:26:35.055198] [33m[WARN] test[0m
[2024/08/24 03:26:35.055439] [31m[ERROR] test[0m
[2024/08/24 03:26:35.055689] [41m[CRITICAL] test[0m
[2024/08/24 03:26:35.055904] [31m[DEBUG] test[0m
[2024/08/24 03:26:35.056112] [41m[33m[CRITICAL] test[0m
[2024/08/24 03:26:36.057841] [DEBUG] test[0m
[2024/08/24 03:26:36.058128] [36m[INFO] test[0m
[2024/08/24 03:26:36.058375] [33m[WARN] test[0m
[2024/08/24 03:26:36.058601] [31m[ERROR] test[0m
[2024/08/24 03:26:36.058779] [41m[CRITICAL] test[0m
[2024/08/24 03:26:36.058963] [31m[DEBUG] test[0m
[2024/08/24 03:26:36.059124] [41m[33m[CRITICAL] test[0m
[2024/08/24 03:26:37.060579] [DEBUG] test[0m
[2024/08/24 03:26:37.060788] [36m[INFO] test[0m
[2024/08/24 03:26:37.060959] [33m[WARN] test[0m
[2024/08/24 03:26:37.061123] [31m[ERROR] test[0m
[2024/08/24 03:26:37.061288] [41m[CRITICAL] test[0m
[2024/08/24 03:26:37.061448] [31m[DEBUG] test[0m
[2024/08/24 03:26:37.061579] [41m[33m[CRITICAL] test[0m
[2024/08/24 03:26:38.063078] [DEBUG] test[0m
[2024/08/24 03:26:38.063350] [36m[INFO] test[0m
[2024/08/24 03:26:38.063661] [33m[WARN] test[0m
[2024/08/24 03:26:38.063962] [31m[ERROR] test[0m
[2024/08/24 03:26:38.064250] [41m[CRITICAL] test[0m
[2024/08/24 03:26:38.064547] [31m[DEBUG] test[0m
[2024/08/24 03:26:38.064833] [41m[33m[CRITICAL] test[0m
[2024/08/24 03:26:39.066352] [DEBUG] test[0m
[2024/08/24 03:26:39.066561] [36m[INFO] test[0m
[2024/08/24 03:26:39.066731] [33m[WARN] test[0m
[2024/08/24 03:26:39.066894] [31m[ERROR] test[0m
[2024/08/24 03:26:39.067057] [41m[CRITICAL] test[0m
[2024/08/24 03:26:39.067217] [31m[DEBUG] test[0m
[2024/08/24 03:26:39.067377] [41m[33m[CRITICAL] test[0m
[2024/08/24 03:26:40.069008] [DEBUG] test[0m
[2024/08/24 03:26:40.069356] [36m[INFO] test[0m
[2024/08/24 03:26:40.069703] [33m[WARN] test[0m
[2024/08/24 03:26:40.069994] [31m[ERROR] test[0m
[2024/08/24 03:26:40.070307] [41m[CRITICAL] test[0m
[2024/08/24 03:26:40.070596] [31m[DEBUG] test[0m
[2024/08/24 03:26:40.070882] [41m[33m[CRITICAL] test[0m
[2024/08/24 03:26:41.072415] [DEBUG] test[0m
[2024/08/24 03:26:41.072619] [36m[INFO] test[0m
[2024/08/24 03:26:41.072797] [33m[WARN] test[0m
[2024/08/24 03:26:41.072972] [31m[ERROR] test[0m
[2024/08/24 03:26:41.073139] [41m[CRITICAL] test[0m
[2024/08/24 03:26:41.073303] [31m[DEBUG] test[0m
[2024/08/24 03:26:41.073466] [41m[33m[CRITICAL] test[0m
[2024/08/24 03:34:46.533550] [33m[WARN] Async logging mode on. Timestamp of log couldn't be accurate...[0m
[2024/08/24 03:34:46.533764] [DEBUG] test[0m
[2024/08/24 03:34:46.533944] [36m[INFO] test[0m
[2024/08/24 03:34:46.534091] [33m[WARN] test[0m
[2024/08/24 03:34:46.534270] [31m[ERROR] test[0m
[2024/08/24 03:34:46.534447] [41m[CRITICAL] test[0m
[2024/08/24 03:34:46.534590] [31m[DEBUG] test[0m
[2024/08/24 03:34:46.534728] [41m[33m[CRITICAL] test[0m
[2024/08/24 03:34:47.536319] [DEBUG] test[0m
[2024/08/24 03:34:47.536505] [36m[INFO] test[0m
[2024/08/24 03:34:47.536658] [33m[WARN] test[0m
[2024/08/24 03:34:47.536817] [31m[ERROR] test[0m
[2024/08/24 03:34:47.536969] [41m[CRITICAL] test[0m
[2024/08/24 03:34:47.537114] [31m[DEBUG] test[0m
[2024/08/24 03:34:47.537259] [41m[33m[CRITICAL] test[0m
[2024/08/24 03:49:41.824795] [DEBUG] test[0m
[2024/08/24 03:50:55.535072] [DEBUG] test[0m
[2024/08/24 03:50:55.535400] [36m[INFO] test[0m
[2024/08/24 03:50:55.535666] [33m[WARN] test[0m
[2024/08/24 03:50:55.535913] [31m[ERROR] test[0m
[2024/08/24 03:50:55.536160] [41m[CRITICAL] test[0m
[2024/08/24 03:50:55.536361] [31m[DEBUG] test[0m
[2024/08/24 03:50:55.536558] [41m[33m[CRITICAL] test[0m
[2024/08/24 03:50:56.537935] [DEBUG] test[0m
[2024/08/24 03:50:56.538225] [36m[INFO] test[0m
[2024/08/24 03:50:56.538442] [33m[WARN] test[0m
[2024/08/24 03:50:56.538652] [31m[ERROR] test[0m
[2024/08/24 03:50:56.538856] [41m[CRITICAL] test[0m
[2024/08/24 03:50:56.539055] [31m[DEBUG] test[0m
[2024/08/24 03:50:56.539259] [41m[33m[CRITICAL] test[0m
[2024/08/24 03:50:57.540611] [DEBUG] test[0m
[2024/08/24 03:50:57.540874] [36m[INFO] test[0m
[2024/08/24 03:50:57.541098] [33m[WARN] test[0m
[2024/08/24 03:50:57.541307] [31m[ERROR] test[0m
[2024/08/24 03:50:57.541509] [41m[CRITICAL] test[0m
[2024/08/24 03:50:57.541714] [31m[DEBUG] test[0m
[2024/08/24 03:50:57.541917] [41m[33m[CRITICAL] test[0m
[2024/08/24 03:50:58.543282] [DEBUG] test[0m
[2024/08/24 03:50:58.543573] [36m[INFO] test[0m
[2024/08/24 03:50:58.543827] [33m[WARN] test[0m
[2024/08/24 03:50:58.544044] [31m[ERROR] test[0m
[2024/08/24 03:50:58.544257] [41m[CRITICAL] test[0m
[2024/08/24 03:50:58.544465] [31m[DEBUG] test[0m
[2024/08/24 03:50:58.544672] [41m[33m[CRITICAL] test[0m
[2024/08/24 03:50:59.546038] [DEBUG] test[0m
[2024/08/24 03:50:59.546320] [36m[INFO] test[0m
[2024/08/24 03:50:59.546538] [33m[WARN] test[0m
[2024/08/24 03:50:59.546820] [31m[ERROR] test[0m
[2024/08/24 03:50:59.547085] [41m[CRITICAL] test[0m
[2024/08/24 03:50:59.547338] [31m[DEBUG] test[0m
[2024/08/24 03:50:59.547590] [41m[33m[CRITICAL] test[0m
[2024/08/24 03:51:00.548984] [DEBUG] test[0m
[2024/08/24 03:51:00.549386] [36m[INFO] test[0m
[2024/08/24 03:51:00.549729] [33m[WARN] test[0m
[2024/08/24 03:51:00.550067] [31m[ERROR] test[0m
[2024/08/24 03:51:00.550414] [41m[CRITICAL] test[0m
[2024/08/24 03:51:00.550749] [31m[DEBUG] test[0m
[2024/08/24 03:51:00.551086] [41m[33m[CRITICAL] test[0m
